[0.009s] Invoking command in '/home/dcbothra2204/ros2_ws/build/nav_robot': CMAKE_PREFIX_PATH=${CMAKE_PREFIX_PATH}:/opt/ros/humble /usr/bin/cmake --build /home/dcbothra2204/ros2_ws/build/nav_robot -- -j8 -l8
[0.027s] -- Found ament_cmake: 1.3.10 (/opt/ros/humble/share/ament_cmake/cmake)
[0.115s] -- Found rclcpp: 16.0.10 (/opt/ros/humble/share/rclcpp/cmake)
[0.136s] -- Found rosidl_generator_c: 3.1.5 (/opt/ros/humble/share/rosidl_generator_c/cmake)
[0.138s] -- Found rosidl_adapter: 3.1.5 (/opt/ros/humble/share/rosidl_adapter/cmake)
[0.142s] -- Found rosidl_generator_cpp: 3.1.5 (/opt/ros/humble/share/rosidl_generator_cpp/cmake)
[0.148s] -- Using all available rosidl_typesupport_c: rosidl_typesupport_fastrtps_c;rosidl_typesupport_introspection_c
[0.157s] -- Using all available rosidl_typesupport_cpp: rosidl_typesupport_fastrtps_cpp;rosidl_typesupport_introspection_cpp
[0.178s] -- Found rmw_implementation_cmake: 6.1.2 (/opt/ros/humble/share/rmw_implementation_cmake/cmake)
[0.179s] -- Found rmw_fastrtps_cpp: 6.2.7 (/opt/ros/humble/share/rmw_fastrtps_cpp/cmake)
[0.254s] -- Using RMW implementation 'rmw_fastrtps_cpp' as default
[0.286s] -- Found nav_msgs: 4.8.0 (/opt/ros/humble/share/nav_msgs/cmake)
[0.305s] -- Found sensor_msgs: 4.2.4 (/opt/ros/humble/share/sensor_msgs/cmake)
[0.316s] -- Found tf2_ros: 0.25.8 (/opt/ros/humble/share/tf2_ros/cmake)
[0.372s] -- Found robot_state_publisher: 3.0.3 (/opt/ros/humble/share/robot_state_publisher/cmake)
[0.375s] -- Found eigen3_cmake_module: 0.1.1 (/opt/ros/humble/share/eigen3_cmake_module/cmake)
[0.376s] -- Ensuring Eigen3 include directory is part of orocos-kdl CMake target
[0.394s] -- Found xacro: 2.0.13 (/opt/ros/humble/share/xacro/cmake)
[0.394s] -- Found nav2_behavior_tree: 1.1.18 (/opt/ros/humble/share/nav2_behavior_tree/cmake)
[0.527s] -- Configuring done
[0.555s] -- Generating done
[0.556s] -- Build files have been written to: /home/dcbothra2204/ros2_ws/build/nav_robot
[0.577s] [35m[1mConsolidate compiler generated dependencies of target battery_sim_node[0m
[0.577s] [35m[1mConsolidate compiler generated dependencies of target bt_nodes[0m
[0.589s] [ 50%] Built target battery_sim_node
[0.590s] [ 75%] [32m[1mLinking CXX shared library libbt_nodes.so[0m
[1.163s] [100%] Built target bt_nodes
[1.171s] Invoked command in '/home/dcbothra2204/ros2_ws/build/nav_robot' returned '0': CMAKE_PREFIX_PATH=${CMAKE_PREFIX_PATH}:/opt/ros/humble /usr/bin/cmake --build /home/dcbothra2204/ros2_ws/build/nav_robot -- -j8 -l8
[1.198s] Invoking command in '/home/dcbothra2204/ros2_ws/build/nav_robot': CMAKE_PREFIX_PATH=${CMAKE_PREFIX_PATH}:/opt/ros/humble /usr/bin/cmake --install /home/dcbothra2204/ros2_ws/build/nav_robot
[1.203s] -- Install configuration: ""
[1.203s] -- Up-to-date: /home/dcbothra2204/ros2_ws/install/nav_robot/share/nav_robot/behaviour_tree/bt_plugins.xml
[1.204s] -- Up-to-date: /home/dcbothra2204/ros2_ws/install/nav_robot/share/nav_robot/environment/library_path.sh
[1.204s] -- Installing: /home/dcbothra2204/ros2_ws/install/nav_robot/share/nav_robot/environment/library_path.dsv
[1.204s] -- Up-to-date: /home/dcbothra2204/ros2_ws/install/nav_robot/lib/nav_robot/battery_sim_node
[1.204s] -- Installing: /home/dcbothra2204/ros2_ws/install/nav_robot/lib/libbt_nodes.so
[1.210s] -- Set runtime path of "/home/dcbothra2204/ros2_ws/install/nav_robot/lib/libbt_nodes.so" to ""
[1.210s] -- Up-to-date: /home/dcbothra2204/ros2_ws/install/nav_robot/share/nav_robot/behaviour_tree/bt_plugins.xml
[1.210s] -- Up-to-date: /home/dcbothra2204/ros2_ws/install/nav_robot/share/nav_robot/urdf
[1.210s] -- Up-to-date: /home/dcbothra2204/ros2_ws/install/nav_robot/share/nav_robot/urdf/gazebo_diff_control.xacro
[1.210s] -- Up-to-date: /home/dcbothra2204/ros2_ws/install/nav_robot/share/nav_robot/urdf/robot_core.xacro
[1.210s] -- Up-to-date: /home/dcbothra2204/ros2_ws/install/nav_robot/share/nav_robot/urdf/inertial_macros.xacro
[1.210s] -- Up-to-date: /home/dcbothra2204/ros2_ws/install/nav_robot/share/nav_robot/urdf/colors.xacro
[1.210s] -- Up-to-date: /home/dcbothra2204/ros2_ws/install/nav_robot/share/nav_robot/urdf/imu.xacro
[1.210s] -- Up-to-date: /home/dcbothra2204/ros2_ws/install/nav_robot/share/nav_robot/urdf/lidar.xacro
[1.210s] -- Up-to-date: /home/dcbothra2204/ros2_ws/install/nav_robot/share/nav_robot/urdf/robot.urdf.xacro
[1.210s] -- Up-to-date: /home/dcbothra2204/ros2_ws/install/nav_robot/share/nav_robot/launch
[1.211s] -- Up-to-date: /home/dcbothra2204/ros2_ws/install/nav_robot/share/nav_robot/launch/bt_nav.launch.py
[1.211s] -- Up-to-date: /home/dcbothra2204/ros2_ws/install/nav_robot/share/nav_robot/launch/display.launch.py
[1.211s] -- Up-to-date: /home/dcbothra2204/ros2_ws/install/nav_robot/share/nav_robot/launch/gspawn.launch.py
[1.211s] -- Up-to-date: /home/dcbothra2204/ros2_ws/install/nav_robot/share/nav_robot/worlds
[1.211s] -- Up-to-date: /home/dcbothra2204/ros2_ws/install/nav_robot/share/nav_robot/worlds/gazebo.world
[1.211s] -- Up-to-date: /home/dcbothra2204/ros2_ws/install/nav_robot/share/nav_robot/maps
[1.211s] -- Up-to-date: /home/dcbothra2204/ros2_ws/install/nav_robot/share/nav_robot/maps/amcl_map.yaml
[1.211s] -- Up-to-date: /home/dcbothra2204/ros2_ws/install/nav_robot/share/nav_robot/maps/nav_map.pgm
[1.211s] -- Up-to-date: /home/dcbothra2204/ros2_ws/install/nav_robot/share/nav_robot/maps/amcl_map.pgm
[1.211s] -- Up-to-date: /home/dcbothra2204/ros2_ws/install/nav_robot/share/nav_robot/maps/nav_map.yaml
[1.211s] -- Up-to-date: /home/dcbothra2204/ros2_ws/install/nav_robot/share/nav_robot/config
[1.211s] -- Up-to-date: /home/dcbothra2204/ros2_ws/install/nav_robot/share/nav_robot/config/poses.yaml
[1.211s] -- Up-to-date: /home/dcbothra2204/ros2_ws/install/nav_robot/share/nav_robot/config/view_bot.rviz
[1.212s] -- Up-to-date: /home/dcbothra2204/ros2_ws/install/nav_robot/share/nav_robot/config/amcl.yaml
[1.212s] -- Up-to-date: /home/dcbothra2204/ros2_ws/install/nav_robot/share/nav_robot/config/nav2_params.yaml
[1.212s] -- Up-to-date: /home/dcbothra2204/ros2_ws/install/nav_robot/share/nav_robot/config/my_controllers.yaml
[1.212s] -- Up-to-date: /home/dcbothra2204/ros2_ws/install/nav_robot/share/nav_robot/config/mapper_params_online_async.yaml
[1.212s] -- Up-to-date: /home/dcbothra2204/ros2_ws/install/nav_robot/share/nav_robot/behaviour_tree
[1.212s] -- Up-to-date: /home/dcbothra2204/ros2_ws/install/nav_robot/share/nav_robot/behaviour_tree/bt_nodes.cpp
[1.212s] -- Up-to-date: /home/dcbothra2204/ros2_ws/install/nav_robot/share/nav_robot/behaviour_tree/bt_plugins.xml
[1.212s] -- Up-to-date: /home/dcbothra2204/ros2_ws/install/nav_robot/share/nav_robot/behaviour_tree/task_bt.xml
[1.212s] -- Up-to-date: /home/dcbothra2204/ros2_ws/install/nav_robot/share/ament_index/resource_index/package_run_dependencies/nav_robot
[1.212s] -- Up-to-date: /home/dcbothra2204/ros2_ws/install/nav_robot/share/ament_index/resource_index/parent_prefix_path/nav_robot
[1.212s] -- Up-to-date: /home/dcbothra2204/ros2_ws/install/nav_robot/share/nav_robot/environment/ament_prefix_path.sh
[1.212s] -- Installing: /home/dcbothra2204/ros2_ws/install/nav_robot/share/nav_robot/environment/ament_prefix_path.dsv
[1.212s] -- Up-to-date: /home/dcbothra2204/ros2_ws/install/nav_robot/share/nav_robot/environment/path.sh
[1.212s] -- Installing: /home/dcbothra2204/ros2_ws/install/nav_robot/share/nav_robot/environment/path.dsv
[1.212s] -- Up-to-date: /home/dcbothra2204/ros2_ws/install/nav_robot/share/nav_robot/local_setup.bash
[1.212s] -- Up-to-date: /home/dcbothra2204/ros2_ws/install/nav_robot/share/nav_robot/local_setup.sh
[1.212s] -- Up-to-date: /home/dcbothra2204/ros2_ws/install/nav_robot/share/nav_robot/local_setup.zsh
[1.212s] -- Installing: /home/dcbothra2204/ros2_ws/install/nav_robot/share/nav_robot/local_setup.dsv
[1.212s] -- Installing: /home/dcbothra2204/ros2_ws/install/nav_robot/share/nav_robot/package.dsv
[1.213s] -- Up-to-date: /home/dcbothra2204/ros2_ws/install/nav_robot/share/ament_index/resource_index/packages/nav_robot
[1.213s] -- Up-to-date: /home/dcbothra2204/ros2_ws/install/nav_robot/share/ament_index/resource_index/nav2_behavior_tree__pluginlib__plugin/nav_robot
[1.213s] -- Up-to-date: /home/dcbothra2204/ros2_ws/install/nav_robot/share/nav_robot/cmake/ament_cmake_export_libraries-extras.cmake
[1.213s] -- Up-to-date: /home/dcbothra2204/ros2_ws/install/nav_robot/share/nav_robot/cmake/ament_cmake_export_dependencies-extras.cmake
[1.213s] -- Up-to-date: /home/dcbothra2204/ros2_ws/install/nav_robot/share/nav_robot/cmake/nav_robotConfig.cmake
[1.213s] -- Up-to-date: /home/dcbothra2204/ros2_ws/install/nav_robot/share/nav_robot/cmake/nav_robotConfig-version.cmake
[1.213s] -- Up-to-date: /home/dcbothra2204/ros2_ws/install/nav_robot/share/nav_robot/package.xml
[1.214s] Invoked command in '/home/dcbothra2204/ros2_ws/build/nav_robot' returned '0': CMAKE_PREFIX_PATH=${CMAKE_PREFIX_PATH}:/opt/ros/humble /usr/bin/cmake --install /home/dcbothra2204/ros2_ws/build/nav_robot
