[0.012s] Invoking command in '/home/dcbothra2204/ros2_ws/build/nav_robot': /usr/bin/cmake --build /home/dcbothra2204/ros2_ws/build/nav_robot -- -j8 -l8
[0.036s] -- Found ament_cmake: 1.3.10 (/opt/ros/humble/share/ament_cmake/cmake)
[0.124s] -- Override CMake install command with custom implementation using symlinks instead of copying resources
[0.130s] -- Found rclcpp: 16.0.10 (/opt/ros/humble/share/rclcpp/cmake)
[0.148s] -- Found rosidl_generator_c: 3.1.5 (/opt/ros/humble/share/rosidl_generator_c/cmake)
[0.150s] -- Found rosidl_adapter: 3.1.5 (/opt/ros/humble/share/rosidl_adapter/cmake)
[0.154s] -- Found rosidl_generator_cpp: 3.1.5 (/opt/ros/humble/share/rosidl_generator_cpp/cmake)
[0.160s] -- Using all available rosidl_typesupport_c: rosidl_typesupport_fastrtps_c;rosidl_typesupport_introspection_c
[0.169s] -- Using all available rosidl_typesupport_cpp: rosidl_typesupport_fastrtps_cpp;rosidl_typesupport_introspection_cpp
[0.192s] -- Found rmw_implementation_cmake: 6.1.2 (/opt/ros/humble/share/rmw_implementation_cmake/cmake)
[0.193s] -- Found rmw_fastrtps_cpp: 6.2.7 (/opt/ros/humble/share/rmw_fastrtps_cpp/cmake)
[0.270s] -- Using RMW implementation 'rmw_fastrtps_cpp' as default
[0.304s] -- Found nav_msgs: 4.8.0 (/opt/ros/humble/share/nav_msgs/cmake)
[0.325s] -- Found sensor_msgs: 4.2.4 (/opt/ros/humble/share/sensor_msgs/cmake)
[0.337s] -- Found tf2_ros: 0.25.8 (/opt/ros/humble/share/tf2_ros/cmake)
[0.399s] -- Found robot_state_publisher: 3.0.3 (/opt/ros/humble/share/robot_state_publisher/cmake)
[0.402s] -- Found eigen3_cmake_module: 0.1.1 (/opt/ros/humble/share/eigen3_cmake_module/cmake)
[0.403s] -- Ensuring Eigen3 include directory is part of orocos-kdl CMake target
[0.421s] -- Found xacro: 2.0.13 (/opt/ros/humble/share/xacro/cmake)
[0.421s] -- Found nav2_behavior_tree: 1.1.18 (/opt/ros/humble/share/nav2_behavior_tree/cmake)
[0.557s] Error parsing '/home/dcbothra2204/ros2_ws/src/nav_robot/package.xml':
[0.591s] Traceback (most recent call last):
[0.591s]   File "/opt/ros/humble/share/ament_cmake_core/cmake/core/package_xml_2_cmake.py", line 150, in <module>
[0.591s]     main()
[0.591s]   File "/opt/ros/humble/share/ament_cmake_core/cmake/core/package_xml_2_cmake.py", line 53, in main
[0.591s]     raise e
[0.591s]   File "/opt/ros/humble/share/ament_cmake_core/cmake/core/package_xml_2_cmake.py", line 49, in main
[0.591s]     package = parse_package_string(
[0.591s]   File "/usr/lib/python3/dist-packages/catkin_pkg/package.py", line 786, in parse_package_string
[0.591s]     raise InvalidPackage('Error(s):%s' % (''.join(['\n- %s' % e for e in errors])), filename)
[0.591s] catkin_pkg.package.InvalidPackage: Error(s) in package '/home/dcbothra2204/ros2_ws/src/nav_robot/package.xml':
[0.591s] Error(s):
[0.591s] - The generic dependency on 'nav2_behavior_tree' is redundant with: exec_depend
[0.603s] [31mCMake Error at /opt/ros/humble/share/ament_cmake_core/cmake/core/ament_package_xml.cmake:95 (message):
[0.603s]   execute_process(/usr/bin/python3
[0.603s]   /opt/ros/humble/share/ament_cmake_core/cmake/core/package_xml_2_cmake.py
[0.603s]   /home/dcbothra2204/ros2_ws/src/nav_robot/package.xml
[0.603s]   /home/dcbothra2204/ros2_ws/build/nav_robot/ament_cmake_core/package.cmake)
[0.603s]   returned error code 1
[0.603s] Call Stack (most recent call first):
[0.603s]   /opt/ros/humble/share/ament_cmake_core/cmake/core/ament_package_xml.cmake:49 (_ament_package_xml)
[0.604s]   /opt/ros/humble/share/ament_cmake_core/cmake/core/ament_package.cmake:63 (ament_package_xml)
[0.604s]   CMakeLists.txt:141 (ament_package)
[0.604s] 
[0.604s] [0m
[0.604s] -- Configuring incomplete, errors occurred!
[0.604s] See also "/home/dcbothra2204/ros2_ws/build/nav_robot/CMakeFiles/CMakeOutput.log".
[0.610s] gmake: *** [Makefile:308: cmake_check_build_system] Error 1
[0.612s] Invoked command in '/home/dcbothra2204/ros2_ws/build/nav_robot' returned '2': /usr/bin/cmake --build /home/dcbothra2204/ros2_ws/build/nav_robot -- -j8 -l8
