[0.009s] Invoking command in '/home/dcbothra2204/ros2_ws/build/nav_robot': CMAKE_PREFIX_PATH=${CMAKE_PREFIX_PATH}:/opt/ros/humble /usr/bin/cmake --build /home/dcbothra2204/ros2_ws/build/nav_robot -- -j8 -l8
[0.026s] -- Found ament_cmake: 1.3.10 (/opt/ros/humble/share/ament_cmake/cmake)
[0.110s] -- Override CMake install command with custom implementation using symlinks instead of copying resources
[0.114s] -- Found rclcpp: 16.0.10 (/opt/ros/humble/share/rclcpp/cmake)
[0.134s] -- Found rosidl_generator_c: 3.1.5 (/opt/ros/humble/share/rosidl_generator_c/cmake)
[0.135s] -- Found rosidl_adapter: 3.1.5 (/opt/ros/humble/share/rosidl_adapter/cmake)
[0.139s] -- Found rosidl_generator_cpp: 3.1.5 (/opt/ros/humble/share/rosidl_generator_cpp/cmake)
[0.146s] -- Using all available rosidl_typesupport_c: rosidl_typesupport_fastrtps_c;rosidl_typesupport_introspection_c
[0.154s] -- Using all available rosidl_typesupport_cpp: rosidl_typesupport_fastrtps_cpp;rosidl_typesupport_introspection_cpp
[0.174s] -- Found rmw_implementation_cmake: 6.1.2 (/opt/ros/humble/share/rmw_implementation_cmake/cmake)
[0.175s] -- Found rmw_fastrtps_cpp: 6.2.7 (/opt/ros/humble/share/rmw_fastrtps_cpp/cmake)
[0.249s] -- Using RMW implementation 'rmw_fastrtps_cpp' as default
[0.283s] -- Found nav_msgs: 4.8.0 (/opt/ros/humble/share/nav_msgs/cmake)
[0.303s] -- Found sensor_msgs: 4.2.4 (/opt/ros/humble/share/sensor_msgs/cmake)
[0.315s] -- Found tf2_ros: 0.25.8 (/opt/ros/humble/share/tf2_ros/cmake)
[0.374s] -- Found robot_state_publisher: 3.0.3 (/opt/ros/humble/share/robot_state_publisher/cmake)
[0.376s] -- Found eigen3_cmake_module: 0.1.1 (/opt/ros/humble/share/eigen3_cmake_module/cmake)
[0.377s] -- Ensuring Eigen3 include directory is part of orocos-kdl CMake target
[0.396s] -- Found xacro: 2.0.13 (/opt/ros/humble/share/xacro/cmake)
[0.399s] [31mCMake Error at /opt/ros/humble/share/ament_cmake_target_dependencies/cmake/ament_target_dependencies.cmake:42 (message):
[0.399s]   ament_target_dependencies() the first argument must be a valid target name
[0.399s] Call Stack (most recent call first):
[0.399s]   CMakeLists.txt:110 (ament_target_dependencies)
[0.399s] 
[0.399s] [0m
[0.399s] -- Configuring incomplete, errors occurred!
[0.399s] See also "/home/dcbothra2204/ros2_ws/build/nav_robot/CMakeFiles/CMakeOutput.log".
[0.406s] gmake: *** [Makefile:308: cmake_check_build_system] Error 1
[0.407s] Invoked command in '/home/dcbothra2204/ros2_ws/build/nav_robot' returned '2': CMAKE_PREFIX_PATH=${CMAKE_PREFIX_PATH}:/opt/ros/humble /usr/bin/cmake --build /home/dcbothra2204/ros2_ws/build/nav_robot -- -j8 -l8
