/usr/bin/ld: CMakeFiles/bt_plugin_node.dir/behaviour_tree/bt_nodes.cpp.o: warning: relocation against `_ZTVN4YAML13BadConversionE' in read-only section `.text._ZN4YAML13BadConversionC2ERKNS_4MarkE[_ZN4YAML13BadConversionC5ERKNS_4MarkE]'
/usr/bin/ld: /usr/lib/gcc/x86_64-linux-gnu/11/../../../x86_64-linux-gnu/Scrt1.o: in function `_start':
(.text+0x1b): undefined reference to `main'
/usr/bin/ld: CMakeFiles/bt_plugin_node.dir/behaviour_tree/bt_nodes.cpp.o: in function `YAML::Exception::Exception(YAML::Mark const&, std::__cxx11::basic_string<char, std::char_traits<char>, std::allocator<char> > const&)':
bt_nodes.cpp:(.text._ZN4YAML9ExceptionC2ERKNS_4MarkERKNSt7__cxx1112basic_stringIcSt11char_traitsIcESaIcEEE[_ZN4YAML9ExceptionC5ERKNS_4MarkERKNSt7__cxx1112basic_stringIcSt11char_traitsIcESaIcEEE]+0x61): undefined reference to `vtable for YAML::Exception'
/usr/bin/ld: CMakeFiles/bt_plugin_node.dir/behaviour_tree/bt_nodes.cpp.o: in function `YAML::RepresentationException::RepresentationException(YAML::Mark const&, std::__cxx11::basic_string<char, std::char_traits<char>, std::allocator<char> > const&)':
bt_nodes.cpp:(.text._ZN4YAML23RepresentationExceptionC2ERKNS_4MarkERKNSt7__cxx1112basic_stringIcSt11char_traitsIcESaIcEEE[_ZN4YAML23RepresentationExceptionC5ERKNS_4MarkERKNSt7__cxx1112basic_stringIcSt11char_traitsIcESaIcEEE]+0x32): undefined reference to `vtable for YAML::RepresentationException'
/usr/bin/ld: CMakeFiles/bt_plugin_node.dir/behaviour_tree/bt_nodes.cpp.o: in function `YAML::InvalidNode::InvalidNode(std::__cxx11::basic_string<char, std::char_traits<char>, std::allocator<char> > const&)':
bt_nodes.cpp:(.text._ZN4YAML11InvalidNodeC2ERKNSt7__cxx1112basic_stringIcSt11char_traitsIcESaIcEEE[_ZN4YAML11InvalidNodeC5ERKNSt7__cxx1112basic_stringIcSt11char_traitsIcESaIcEEE]+0x71): undefined reference to `vtable for YAML::InvalidNode'
/usr/bin/ld: CMakeFiles/bt_plugin_node.dir/behaviour_tree/bt_nodes.cpp.o: in function `YAML::BadConversion::BadConversion(YAML::Mark const&)':
bt_nodes.cpp:(.text._ZN4YAML13BadConversionC2ERKNS_4MarkE[_ZN4YAML13BadConversionC5ERKNS_4MarkE]+0x7c): undefined reference to `vtable for YAML::BadConversion'
/usr/bin/ld: CMakeFiles/bt_plugin_node.dir/behaviour_tree/bt_nodes.cpp.o: in function `YAML::detail::memory_holder::create_node()':
bt_nodes.cpp:(.text._ZN4YAML6detail13memory_holder11create_nodeEv[_ZN4YAML6detail13memory_holder11create_nodeEv]+0x20): undefined reference to `YAML::detail::memory::create_node()'
/usr/bin/ld: CMakeFiles/bt_plugin_node.dir/behaviour_tree/bt_nodes.cpp.o: in function `YAML::detail::node_ref::mark_defined()':
bt_nodes.cpp:(.text._ZN4YAML6detail8node_ref12mark_definedEv[_ZN4YAML6detail8node_ref12mark_definedEv]+0x20): undefined reference to `YAML::detail::node_data::mark_defined()'
/usr/bin/ld: CMakeFiles/bt_plugin_node.dir/behaviour_tree/bt_nodes.cpp.o: in function `YAML::detail::node_ref::set_null()':
bt_nodes.cpp:(.text._ZN4YAML6detail8node_ref8set_nullEv[_ZN4YAML6detail8node_ref8set_nullEv]+0x20): undefined reference to `YAML::detail::node_data::set_null()'
/usr/bin/ld: CMakeFiles/bt_plugin_node.dir/behaviour_tree/bt_nodes.cpp.o: in function `YAML::detail::node_ref::set_scalar(std::__cxx11::basic_string<char, std::char_traits<char>, std::allocator<char> > const&)':
bt_nodes.cpp:(.text._ZN4YAML6detail8node_ref10set_scalarERKNSt7__cxx1112basic_stringIcSt11char_traitsIcESaIcEEE[_ZN4YAML6detail8node_ref10set_scalarERKNSt7__cxx1112basic_stringIcSt11char_traitsIcESaIcEEE]+0x2e): undefined reference to `YAML::detail::node_data::set_scalar(std::__cxx11::basic_string<char, std::char_traits<char>, std::allocator<char> > const&)'
/usr/bin/ld: CMakeFiles/bt_plugin_node.dir/behaviour_tree/bt_nodes.cpp.o: in function `YAML::detail::node_ref::begin()':
bt_nodes.cpp:(.text._ZN4YAML6detail8node_ref5beginEv[_ZN4YAML6detail8node_ref5beginEv]+0x3d): undefined reference to `YAML::detail::node_data::begin()'
/usr/bin/ld: CMakeFiles/bt_plugin_node.dir/behaviour_tree/bt_nodes.cpp.o: in function `YAML::detail::node_ref::end()':
bt_nodes.cpp:(.text._ZN4YAML6detail8node_ref3endEv[_ZN4YAML6detail8node_ref3endEv]+0x3d): undefined reference to `YAML::detail::node_data::end()'
/usr/bin/ld: CMakeFiles/bt_plugin_node.dir/behaviour_tree/bt_nodes.cpp.o: in function `YAML::Node::EnsureNodeExists() const':
bt_nodes.cpp:(.text._ZNK4YAML4Node16EnsureNodeExistsEv[_ZNK4YAML4Node16EnsureNodeExistsEv]+0x44): undefined reference to `YAML::InvalidNode::~InvalidNode()'
/usr/bin/ld: bt_nodes.cpp:(.text._ZNK4YAML4Node16EnsureNodeExistsEv[_ZNK4YAML4Node16EnsureNodeExistsEv]+0x4e): undefined reference to `typeinfo for YAML::InvalidNode'
/usr/bin/ld: CMakeFiles/bt_plugin_node.dir/behaviour_tree/bt_nodes.cpp.o: in function `YAML::Node::Mark() const':
bt_nodes.cpp:(.text._ZNK4YAML4Node4MarkEv[_ZNK4YAML4Node4MarkEv]+0x44): undefined reference to `YAML::InvalidNode::~InvalidNode()'
/usr/bin/ld: bt_nodes.cpp:(.text._ZNK4YAML4Node4MarkEv[_ZNK4YAML4Node4MarkEv]+0x4e): undefined reference to `typeinfo for YAML::InvalidNode'
/usr/bin/ld: CMakeFiles/bt_plugin_node.dir/behaviour_tree/bt_nodes.cpp.o: in function `YAML::Node::Type() const':
bt_nodes.cpp:(.text._ZNK4YAML4Node4TypeEv[_ZNK4YAML4Node4TypeEv]+0x44): undefined reference to `YAML::InvalidNode::~InvalidNode()'
/usr/bin/ld: bt_nodes.cpp:(.text._ZNK4YAML4Node4TypeEv[_ZNK4YAML4Node4TypeEv]+0x4e): undefined reference to `typeinfo for YAML::InvalidNode'
/usr/bin/ld: CMakeFiles/bt_plugin_node.dir/behaviour_tree/bt_nodes.cpp.o: in function `YAML::Node::Scalar[abi:cxx11]() const':
bt_nodes.cpp:(.text._ZNK4YAML4Node6ScalarB5cxx11Ev[_ZNK4YAML4Node6ScalarB5cxx11Ev]+0x44): undefined reference to `YAML::InvalidNode::~InvalidNode()'
/usr/bin/ld: bt_nodes.cpp:(.text._ZNK4YAML4Node6ScalarB5cxx11Ev[_ZNK4YAML4Node6ScalarB5cxx11Ev]+0x4e): undefined reference to `typeinfo for YAML::InvalidNode'
/usr/bin/ld: bt_nodes.cpp:(.text._ZNK4YAML4Node6ScalarB5cxx11Ev[_ZNK4YAML4Node6ScalarB5cxx11Ev]+0x7d): undefined reference to `YAML::detail::node_data::empty_scalar[abi:cxx11]()'
/usr/bin/ld: CMakeFiles/bt_plugin_node.dir/behaviour_tree/bt_nodes.cpp.o: in function `GetNextGoal::declareAndLoadPoses()':
bt_nodes.cpp:(.text._ZN11GetNextGoal19declareAndLoadPosesEv[_ZN11GetNextGoal19declareAndLoadPosesEv]+0x24a): undefined reference to `YAML::LoadFile(std::__cxx11::basic_string<char, std::char_traits<char>, std::allocator<char> > const&)'
/usr/bin/ld: CMakeFiles/bt_plugin_node.dir/behaviour_tree/bt_nodes.cpp.o: in function `std::__cxx11::basic_string<char, std::char_traits<char>, std::allocator<char> > YAML::Node::as<std::__cxx11::basic_string<char, std::char_traits<char>, std::allocator<char> > >() const':
bt_nodes.cpp:(.text._ZNK4YAML4Node2asINSt7__cxx1112basic_stringIcSt11char_traitsIcESaIcEEEEET_v[_ZNK4YAML4Node2asINSt7__cxx1112basic_stringIcSt11char_traitsIcESaIcEEEEET_v]+0x57): undefined reference to `YAML::InvalidNode::~InvalidNode()'
/usr/bin/ld: bt_nodes.cpp:(.text._ZNK4YAML4Node2asINSt7__cxx1112basic_stringIcSt11char_traitsIcESaIcEEEEET_v[_ZNK4YAML4Node2asINSt7__cxx1112basic_stringIcSt11char_traitsIcESaIcEEEEET_v]+0x61): undefined reference to `typeinfo for YAML::InvalidNode'
/usr/bin/ld: CMakeFiles/bt_plugin_node.dir/behaviour_tree/bt_nodes.cpp.o: in function `double YAML::Node::as<double>() const':
bt_nodes.cpp:(.text._ZNK4YAML4Node2asIdEET_v[_ZNK4YAML4Node2asIdEET_v]+0x53): undefined reference to `YAML::InvalidNode::~InvalidNode()'
/usr/bin/ld: bt_nodes.cpp:(.text._ZNK4YAML4Node2asIdEET_v[_ZNK4YAML4Node2asIdEET_v]+0x5d): undefined reference to `typeinfo for YAML::InvalidNode'
/usr/bin/ld: CMakeFiles/bt_plugin_node.dir/behaviour_tree/bt_nodes.cpp.o: in function `YAML::TypedBadConversion<double>::~TypedBadConversion()':
bt_nodes.cpp:(.text._ZN4YAML18TypedBadConversionIdED2Ev[_ZN4YAML18TypedBadConversionIdED5Ev]+0x26): undefined reference to `YAML::BadConversion::~BadConversion()'
/usr/bin/ld: CMakeFiles/bt_plugin_node.dir/behaviour_tree/bt_nodes.cpp.o: in function `YAML::detail::node* YAML::detail::node_data::get<char [7]>(char const (&) [7], std::shared_ptr<YAML::detail::memory_holder>) const':
bt_nodes.cpp:(.text._ZNK4YAML6detail9node_data3getIA7_cEEPNS0_4nodeERKT_St10shared_ptrINS0_13memory_holderEE[_ZNK4YAML6detail9node_data3getIA7_cEEPNS0_4nodeERKT_St10shared_ptrINS0_13memory_holderEE]+0xf7): undefined reference to `YAML::BadSubscript::~BadSubscript()'
/usr/bin/ld: bt_nodes.cpp:(.text._ZNK4YAML6detail9node_data3getIA7_cEEPNS0_4nodeERKT_St10shared_ptrINS0_13memory_holderEE[_ZNK4YAML6detail9node_data3getIA7_cEEPNS0_4nodeERKT_St10shared_ptrINS0_13memory_holderEE]+0x101): undefined reference to `typeinfo for YAML::BadSubscript'
/usr/bin/ld: CMakeFiles/bt_plugin_node.dir/behaviour_tree/bt_nodes.cpp.o: in function `YAML::detail::node* YAML::detail::node_data::get<char [9]>(char const (&) [9], std::shared_ptr<YAML::detail::memory_holder>) const':
bt_nodes.cpp:(.text._ZNK4YAML6detail9node_data3getIA9_cEEPNS0_4nodeERKT_St10shared_ptrINS0_13memory_holderEE[_ZNK4YAML6detail9node_data3getIA9_cEEPNS0_4nodeERKT_St10shared_ptrINS0_13memory_holderEE]+0xf7): undefined reference to `YAML::BadSubscript::~BadSubscript()'
/usr/bin/ld: bt_nodes.cpp:(.text._ZNK4YAML6detail9node_data3getIA9_cEEPNS0_4nodeERKT_St10shared_ptrINS0_13memory_holderEE[_ZNK4YAML6detail9node_data3getIA9_cEEPNS0_4nodeERKT_St10shared_ptrINS0_13memory_holderEE]+0x101): undefined reference to `typeinfo for YAML::BadSubscript'
/usr/bin/ld: CMakeFiles/bt_plugin_node.dir/behaviour_tree/bt_nodes.cpp.o: in function `YAML::detail::node* YAML::detail::node_data::get<char [5]>(char const (&) [5], std::shared_ptr<YAML::detail::memory_holder>) const':
bt_nodes.cpp:(.text._ZNK4YAML6detail9node_data3getIA5_cEEPNS0_4nodeERKT_St10shared_ptrINS0_13memory_holderEE[_ZNK4YAML6detail9node_data3getIA5_cEEPNS0_4nodeERKT_St10shared_ptrINS0_13memory_holderEE]+0xf7): undefined reference to `YAML::BadSubscript::~BadSubscript()'
/usr/bin/ld: bt_nodes.cpp:(.text._ZNK4YAML6detail9node_data3getIA5_cEEPNS0_4nodeERKT_St10shared_ptrINS0_13memory_holderEE[_ZNK4YAML6detail9node_data3getIA5_cEEPNS0_4nodeERKT_St10shared_ptrINS0_13memory_holderEE]+0x101): undefined reference to `typeinfo for YAML::BadSubscript'
/usr/bin/ld: CMakeFiles/bt_plugin_node.dir/behaviour_tree/bt_nodes.cpp.o: in function `YAML::detail::node* YAML::detail::node_data::get<char [2]>(char const (&) [2], std::shared_ptr<YAML::detail::memory_holder>) const':
bt_nodes.cpp:(.text._ZNK4YAML6detail9node_data3getIA2_cEEPNS0_4nodeERKT_St10shared_ptrINS0_13memory_holderEE[_ZNK4YAML6detail9node_data3getIA2_cEEPNS0_4nodeERKT_St10shared_ptrINS0_13memory_holderEE]+0xf7): undefined reference to `YAML::BadSubscript::~BadSubscript()'
/usr/bin/ld: bt_nodes.cpp:(.text._ZNK4YAML6detail9node_data3getIA2_cEEPNS0_4nodeERKT_St10shared_ptrINS0_13memory_holderEE[_ZNK4YAML6detail9node_data3getIA2_cEEPNS0_4nodeERKT_St10shared_ptrINS0_13memory_holderEE]+0x101): undefined reference to `typeinfo for YAML::BadSubscript'
/usr/bin/ld: CMakeFiles/bt_plugin_node.dir/behaviour_tree/bt_nodes.cpp.o: in function `YAML::detail::node* YAML::detail::node_data::get<char [12]>(char const (&) [12], std::shared_ptr<YAML::detail::memory_holder>) const':
bt_nodes.cpp:(.text._ZNK4YAML6detail9node_data3getIA12_cEEPNS0_4nodeERKT_St10shared_ptrINS0_13memory_holderEE[_ZNK4YAML6detail9node_data3getIA12_cEEPNS0_4nodeERKT_St10shared_ptrINS0_13memory_holderEE]+0xf7): undefined reference to `YAML::BadSubscript::~BadSubscript()'
/usr/bin/ld: bt_nodes.cpp:(.text._ZNK4YAML6detail9node_data3getIA12_cEEPNS0_4nodeERKT_St10shared_ptrINS0_13memory_holderEE[_ZNK4YAML6detail9node_data3getIA12_cEEPNS0_4nodeERKT_St10shared_ptrINS0_13memory_holderEE]+0x101): undefined reference to `typeinfo for YAML::BadSubscript'
/usr/bin/ld: CMakeFiles/bt_plugin_node.dir/behaviour_tree/bt_nodes.cpp.o: in function `YAML::detail::node& YAML::detail::node_data::get<char [10]>(char const (&) [10], std::shared_ptr<YAML::detail::memory_holder>)':
bt_nodes.cpp:(.text._ZN4YAML6detail9node_data3getIA10_cEERNS0_4nodeERKT_St10shared_ptrINS0_13memory_holderEE[_ZN4YAML6detail9node_data3getIA10_cEERNS0_4nodeERKT_St10shared_ptrINS0_13memory_holderEE]+0xd3): undefined reference to `YAML::detail::node_data::convert_to_map(std::shared_ptr<YAML::detail::memory_holder> const&)'
/usr/bin/ld: bt_nodes.cpp:(.text._ZN4YAML6detail9node_data3getIA10_cEERNS0_4nodeERKT_St10shared_ptrINS0_13memory_holderEE[_ZN4YAML6detail9node_data3getIA10_cEERNS0_4nodeERKT_St10shared_ptrINS0_13memory_holderEE]+0x103): undefined reference to `YAML::BadSubscript::~BadSubscript()'
/usr/bin/ld: bt_nodes.cpp:(.text._ZN4YAML6detail9node_data3getIA10_cEERNS0_4nodeERKT_St10shared_ptrINS0_13memory_holderEE[_ZN4YAML6detail9node_data3getIA10_cEERNS0_4nodeERKT_St10shared_ptrINS0_13memory_holderEE]+0x10d): undefined reference to `typeinfo for YAML::BadSubscript'
/usr/bin/ld: bt_nodes.cpp:(.text._ZN4YAML6detail9node_data3getIA10_cEERNS0_4nodeERKT_St10shared_ptrINS0_13memory_holderEE[_ZN4YAML6detail9node_data3getIA10_cEERNS0_4nodeERKT_St10shared_ptrINS0_13memory_holderEE]+0x1fb): undefined reference to `YAML::detail::node_data::insert_map_pair(YAML::detail::node&, YAML::detail::node&)'
/usr/bin/ld: CMakeFiles/bt_plugin_node.dir/behaviour_tree/bt_nodes.cpp.o: in function `YAML::detail::node& YAML::detail::node_data::get<char [9]>(char const (&) [9], std::shared_ptr<YAML::detail::memory_holder>)':
bt_nodes.cpp:(.text._ZN4YAML6detail9node_data3getIA9_cEERNS0_4nodeERKT_St10shared_ptrINS0_13memory_holderEE[_ZN4YAML6detail9node_data3getIA9_cEERNS0_4nodeERKT_St10shared_ptrINS0_13memory_holderEE]+0xd3): undefined reference to `YAML::detail::node_data::convert_to_map(std::shared_ptr<YAML::detail::memory_holder> const&)'
/usr/bin/ld: bt_nodes.cpp:(.text._ZN4YAML6detail9node_data3getIA9_cEERNS0_4nodeERKT_St10shared_ptrINS0_13memory_holderEE[_ZN4YAML6detail9node_data3getIA9_cEERNS0_4nodeERKT_St10shared_ptrINS0_13memory_holderEE]+0x103): undefined reference to `YAML::BadSubscript::~BadSubscript()'
/usr/bin/ld: bt_nodes.cpp:(.text._ZN4YAML6detail9node_data3getIA9_cEERNS0_4nodeERKT_St10shared_ptrINS0_13memory_holderEE[_ZN4YAML6detail9node_data3getIA9_cEERNS0_4nodeERKT_St10shared_ptrINS0_13memory_holderEE]+0x10d): undefined reference to `typeinfo for YAML::BadSubscript'
/usr/bin/ld: bt_nodes.cpp:(.text._ZN4YAML6detail9node_data3getIA9_cEERNS0_4nodeERKT_St10shared_ptrINS0_13memory_holderEE[_ZN4YAML6detail9node_data3getIA9_cEERNS0_4nodeERKT_St10shared_ptrINS0_13memory_holderEE]+0x1fb): undefined reference to `YAML::detail::node_data::insert_map_pair(YAML::detail::node&, YAML::detail::node&)'
/usr/bin/ld: CMakeFiles/bt_plugin_node.dir/behaviour_tree/bt_nodes.cpp.o: in function `YAML::detail::node& YAML::detail::node_data::get<int>(int const&, std::shared_ptr<YAML::detail::memory_holder>)':
bt_nodes.cpp:(.text._ZN4YAML6detail9node_data3getIiEERNS0_4nodeERKT_St10shared_ptrINS0_13memory_holderEE[_ZN4YAML6detail9node_data3getIiEERNS0_4nodeERKT_St10shared_ptrINS0_13memory_holderEE]+0xd3): undefined reference to `YAML::detail::node_data::convert_to_map(std::shared_ptr<YAML::detail::memory_holder> const&)'
/usr/bin/ld: bt_nodes.cpp:(.text._ZN4YAML6detail9node_data3getIiEERNS0_4nodeERKT_St10shared_ptrINS0_13memory_holderEE[_ZN4YAML6detail9node_data3getIiEERNS0_4nodeERKT_St10shared_ptrINS0_13memory_holderEE]+0x103): undefined reference to `YAML::BadSubscript::~BadSubscript()'
/usr/bin/ld: bt_nodes.cpp:(.text._ZN4YAML6detail9node_data3getIiEERNS0_4nodeERKT_St10shared_ptrINS0_13memory_holderEE[_ZN4YAML6detail9node_data3getIiEERNS0_4nodeERKT_St10shared_ptrINS0_13memory_holderEE]+0x10d): undefined reference to `typeinfo for YAML::BadSubscript'
/usr/bin/ld: bt_nodes.cpp:(.text._ZN4YAML6detail9node_data3getIiEERNS0_4nodeERKT_St10shared_ptrINS0_13memory_holderEE[_ZN4YAML6detail9node_data3getIiEERNS0_4nodeERKT_St10shared_ptrINS0_13memory_holderEE]+0x1fb): undefined reference to `YAML::detail::node_data::insert_map_pair(YAML::detail::node&, YAML::detail::node&)'
/usr/bin/ld: CMakeFiles/bt_plugin_node.dir/behaviour_tree/bt_nodes.cpp.o: in function `YAML::detail::node& YAML::detail::node_data::get<char [5]>(char const (&) [5], std::shared_ptr<YAML::detail::memory_holder>)':
bt_nodes.cpp:(.text._ZN4YAML6detail9node_data3getIA5_cEERNS0_4nodeERKT_St10shared_ptrINS0_13memory_holderEE[_ZN4YAML6detail9node_data3getIA5_cEERNS0_4nodeERKT_St10shared_ptrINS0_13memory_holderEE]+0xd3): undefined reference to `YAML::detail::node_data::convert_to_map(std::shared_ptr<YAML::detail::memory_holder> const&)'
/usr/bin/ld: bt_nodes.cpp:(.text._ZN4YAML6detail9node_data3getIA5_cEERNS0_4nodeERKT_St10shared_ptrINS0_13memory_holderEE[_ZN4YAML6detail9node_data3getIA5_cEERNS0_4nodeERKT_St10shared_ptrINS0_13memory_holderEE]+0x103): undefined reference to `YAML::BadSubscript::~BadSubscript()'
/usr/bin/ld: bt_nodes.cpp:(.text._ZN4YAML6detail9node_data3getIA5_cEERNS0_4nodeERKT_St10shared_ptrINS0_13memory_holderEE[_ZN4YAML6detail9node_data3getIA5_cEERNS0_4nodeERKT_St10shared_ptrINS0_13memory_holderEE]+0x10d): undefined reference to `typeinfo for YAML::BadSubscript'
/usr/bin/ld: bt_nodes.cpp:(.text._ZN4YAML6detail9node_data3getIA5_cEERNS0_4nodeERKT_St10shared_ptrINS0_13memory_holderEE[_ZN4YAML6detail9node_data3getIA5_cEERNS0_4nodeERKT_St10shared_ptrINS0_13memory_holderEE]+0x1fb): undefined reference to `YAML::detail::node_data::insert_map_pair(YAML::detail::node&, YAML::detail::node&)'
/usr/bin/ld: CMakeFiles/bt_plugin_node.dir/behaviour_tree/bt_nodes.cpp.o: in function `YAML::BadSubscript::BadSubscript<char [7]>(YAML::Mark const&, char const (&) [7])':
bt_nodes.cpp:(.text._ZN4YAML12BadSubscriptC2IA7_cEERKNS_4MarkERKT_[_ZN4YAML12BadSubscriptC5IA7_cEERKNS_4MarkERKT_]+0x61): undefined reference to `vtable for YAML::BadSubscript'
/usr/bin/ld: CMakeFiles/bt_plugin_node.dir/behaviour_tree/bt_nodes.cpp.o: in function `YAML::BadSubscript::BadSubscript<char [9]>(YAML::Mark const&, char const (&) [9])':
bt_nodes.cpp:(.text._ZN4YAML12BadSubscriptC2IA9_cEERKNS_4MarkERKT_[_ZN4YAML12BadSubscriptC5IA9_cEERKNS_4MarkERKT_]+0x61): undefined reference to `vtable for YAML::BadSubscript'
/usr/bin/ld: CMakeFiles/bt_plugin_node.dir/behaviour_tree/bt_nodes.cpp.o: in function `YAML::BadSubscript::BadSubscript<char [5]>(YAML::Mark const&, char const (&) [5])':
bt_nodes.cpp:(.text._ZN4YAML12BadSubscriptC2IA5_cEERKNS_4MarkERKT_[_ZN4YAML12BadSubscriptC5IA5_cEERKNS_4MarkERKT_]+0x61): undefined reference to `vtable for YAML::BadSubscript'
/usr/bin/ld: CMakeFiles/bt_plugin_node.dir/behaviour_tree/bt_nodes.cpp.o: in function `YAML::BadSubscript::BadSubscript<char [2]>(YAML::Mark const&, char const (&) [2])':
bt_nodes.cpp:(.text._ZN4YAML12BadSubscriptC2IA2_cEERKNS_4MarkERKT_[_ZN4YAML12BadSubscriptC5IA2_cEERKNS_4MarkERKT_]+0x61): undefined reference to `vtable for YAML::BadSubscript'
/usr/bin/ld: CMakeFiles/bt_plugin_node.dir/behaviour_tree/bt_nodes.cpp.o: in function `YAML::BadSubscript::BadSubscript<char [12]>(YAML::Mark const&, char const (&) [12])':
bt_nodes.cpp:(.text._ZN4YAML12BadSubscriptC2IA12_cEERKNS_4MarkERKT_[_ZN4YAML12BadSubscriptC5IA12_cEERKNS_4MarkERKT_]+0x61): undefined reference to `vtable for YAML::BadSubscript'
/usr/bin/ld: CMakeFiles/bt_plugin_node.dir/behaviour_tree/bt_nodes.cpp.o:bt_nodes.cpp:(.text._ZN4YAML12BadSubscriptC2IA10_cEERKNS_4MarkERKT_[_ZN4YAML12BadSubscriptC5IA10_cEERKNS_4MarkERKT_]+0x61): more undefined references to `vtable for YAML::BadSubscript' follow
/usr/bin/ld: CMakeFiles/bt_plugin_node.dir/behaviour_tree/bt_nodes.cpp.o: in function `YAML::detail::node& YAML::detail::node_data::convert_to_node<char [10]>(char const (&) [10], std::shared_ptr<YAML::detail::memory_holder>)':
bt_nodes.cpp:(.text._ZN4YAML6detail9node_data15convert_to_nodeIA10_cEERNS0_4nodeERKT_St10shared_ptrINS0_13memory_holderEE[_ZN4YAML6detail9node_data15convert_to_nodeIA10_cEERNS0_4nodeERKT_St10shared_ptrINS0_13memory_holderEE]+0x69): undefined reference to `YAML::detail::memory_holder::merge(YAML::detail::memory_holder&)'
/usr/bin/ld: CMakeFiles/bt_plugin_node.dir/behaviour_tree/bt_nodes.cpp.o: in function `YAML::detail::node& YAML::detail::node_data::convert_to_node<char [9]>(char const (&) [9], std::shared_ptr<YAML::detail::memory_holder>)':
bt_nodes.cpp:(.text._ZN4YAML6detail9node_data15convert_to_nodeIA9_cEERNS0_4nodeERKT_St10shared_ptrINS0_13memory_holderEE[_ZN4YAML6detail9node_data15convert_to_nodeIA9_cEERNS0_4nodeERKT_St10shared_ptrINS0_13memory_holderEE]+0x69): undefined reference to `YAML::detail::memory_holder::merge(YAML::detail::memory_holder&)'
/usr/bin/ld: CMakeFiles/bt_plugin_node.dir/behaviour_tree/bt_nodes.cpp.o: in function `YAML::BadSubscript::BadSubscript<int>(YAML::Mark const&, int const&)':
bt_nodes.cpp:(.text._ZN4YAML12BadSubscriptC2IiEERKNS_4MarkERKT_[_ZN4YAML12BadSubscriptC5IiEERKNS_4MarkERKT_]+0x66): undefined reference to `vtable for YAML::BadSubscript'
/usr/bin/ld: CMakeFiles/bt_plugin_node.dir/behaviour_tree/bt_nodes.cpp.o: in function `YAML::detail::node& YAML::detail::node_data::convert_to_node<int>(int const&, std::shared_ptr<YAML::detail::memory_holder>)':
bt_nodes.cpp:(.text._ZN4YAML6detail9node_data15convert_to_nodeIiEERNS0_4nodeERKT_St10shared_ptrINS0_13memory_holderEE[_ZN4YAML6detail9node_data15convert_to_nodeIiEERNS0_4nodeERKT_St10shared_ptrINS0_13memory_holderEE]+0x69): undefined reference to `YAML::detail::memory_holder::merge(YAML::detail::memory_holder&)'
/usr/bin/ld: CMakeFiles/bt_plugin_node.dir/behaviour_tree/bt_nodes.cpp.o: in function `YAML::detail::node& YAML::detail::node_data::convert_to_node<char [5]>(char const (&) [5], std::shared_ptr<YAML::detail::memory_holder>)':
bt_nodes.cpp:(.text._ZN4YAML6detail9node_data15convert_to_nodeIA5_cEERNS0_4nodeERKT_St10shared_ptrINS0_13memory_holderEE[_ZN4YAML6detail9node_data15convert_to_nodeIA5_cEERNS0_4nodeERKT_St10shared_ptrINS0_13memory_holderEE]+0x69): undefined reference to `YAML::detail::memory_holder::merge(YAML::detail::memory_holder&)'
/usr/bin/ld: CMakeFiles/bt_plugin_node.dir/behaviour_tree/bt_nodes.cpp.o: in function `YAML::TypedBadConversion<std::__cxx11::basic_string<char, std::char_traits<char>, std::allocator<char> > >::~TypedBadConversion()':
bt_nodes.cpp:(.text._ZN4YAML18TypedBadConversionINSt7__cxx1112basic_stringIcSt11char_traitsIcESaIcEEEED2Ev[_ZN4YAML18TypedBadConversionINSt7__cxx1112basic_stringIcSt11char_traitsIcESaIcEEEED5Ev]+0x26): undefined reference to `YAML::BadConversion::~BadConversion()'
/usr/bin/ld: CMakeFiles/bt_plugin_node.dir/behaviour_tree/bt_nodes.cpp.o:(.data.rel.ro._ZTIN4YAML18TypedBadConversionIdEE[_ZTIN4YAML18TypedBadConversionIdEE]+0x10): undefined reference to `typeinfo for YAML::BadConversion'
/usr/bin/ld: CMakeFiles/bt_plugin_node.dir/behaviour_tree/bt_nodes.cpp.o:(.data.rel.ro._ZTIN4YAML18TypedBadConversionINSt7__cxx1112basic_stringIcSt11char_traitsIcESaIcEEEEE[_ZTIN4YAML18TypedBadConversionINSt7__cxx1112basic_stringIcSt11char_traitsIcESaIcEEEEE]+0x10): undefined reference to `typeinfo for YAML::BadConversion'
/usr/bin/ld: warning: creating DT_TEXTREL in a PIE
collect2: error: ld returned 1 exit status
gmake[2]: *** [CMakeFiles/bt_plugin_node.dir/build.make:184: bt_plugin_node] Error 1
gmake[1]: *** [CMakeFiles/Makefile2:165: CMakeFiles/bt_plugin_node.dir/all] Error 2
gmake: *** [Makefile:146: all] Error 2
