[0.009s] Invoking command in '/home/dcbothra2204/ros2_ws/build/nav_robot': CMAKE_PREFIX_PATH=${CMAKE_PREFIX_PATH}:/opt/ros/humble /usr/bin/cmake --build /home/dcbothra2204/ros2_ws/build/nav_robot -- -j8 -l8
[0.042s] [35m[1mConsolidate compiler generated dependencies of target bt_plugin_node[0m
[0.051s] [ 50%] Built target battery_sim_node
[0.055s] [ 75%] [32mBuilding CXX object CMakeFiles/bt_plugin_node.dir/behaviour_tree/bt_nodes.cpp.o[0m
[6.873s] [100%] [32m[1mLinking CXX executable bt_plugin_node[0m
[7.207s] /usr/bin/ld: CMakeFiles/bt_plugin_node.dir/behaviour_tree/bt_nodes.cpp.o: warning: relocation against `_ZTVN4YAML13BadConversionE' in read-only section `.text._ZN4YAML13BadConversionC2ERKNS_4MarkE[_ZN4YAML13BadConversionC5ERKNS_4MarkE]'
[7.227s] /usr/bin/ld: /usr/lib/gcc/x86_64-linux-gnu/11/../../../x86_64-linux-gnu/Scrt1.o: in function `_start':
[7.227s] (.text+0x1b): undefined reference to `main'
[7.231s] /usr/bin/ld: CMakeFiles/bt_plugin_node.dir/behaviour_tree/bt_nodes.cpp.o: in function `YAML::Exception::Exception(YAML::Mark const&, std::__cxx11::basic_string<char, std::char_traits<char>, std::allocator<char> > const&)':
[7.231s] bt_nodes.cpp:(.text._ZN4YAML9ExceptionC2ERKNS_4MarkERKNSt7__cxx1112basic_stringIcSt11char_traitsIcESaIcEEE[_ZN4YAML9ExceptionC5ERKNS_4MarkERKNSt7__cxx1112basic_stringIcSt11char_traitsIcESaIcEEE]+0x61): undefined reference to `vtable for YAML::Exception'
[7.231s] /usr/bin/ld: CMakeFiles/bt_plugin_node.dir/behaviour_tree/bt_nodes.cpp.o: in function `YAML::RepresentationException::RepresentationException(YAML::Mark const&, std::__cxx11::basic_string<char, std::char_traits<char>, std::allocator<char> > const&)':
[7.231s] bt_nodes.cpp:(.text._ZN4YAML23RepresentationExceptionC2ERKNS_4MarkERKNSt7__cxx1112basic_stringIcSt11char_traitsIcESaIcEEE[_ZN4YAML23RepresentationExceptionC5ERKNS_4MarkERKNSt7__cxx1112basic_stringIcSt11char_traitsIcESaIcEEE]+0x32): undefined reference to `vtable for YAML::RepresentationException'
[7.232s] /usr/bin/ld: CMakeFiles/bt_plugin_node.dir/behaviour_tree/bt_nodes.cpp.o: in function `YAML::InvalidNode::InvalidNode(std::__cxx11::basic_string<char, std::char_traits<char>, std::allocator<char> > const&)':
[7.232s] bt_nodes.cpp:(.text._ZN4YAML11InvalidNodeC2ERKNSt7__cxx1112basic_stringIcSt11char_traitsIcESaIcEEE[_ZN4YAML11InvalidNodeC5ERKNSt7__cxx1112basic_stringIcSt11char_traitsIcESaIcEEE]+0x71): undefined reference to `vtable for YAML::InvalidNode'
[7.232s] /usr/bin/ld: CMakeFiles/bt_plugin_node.dir/behaviour_tree/bt_nodes.cpp.o: in function `YAML::BadConversion::BadConversion(YAML::Mark const&)':
[7.232s] bt_nodes.cpp:(.text._ZN4YAML13BadConversionC2ERKNS_4MarkE[_ZN4YAML13BadConversionC5ERKNS_4MarkE]+0x7c): undefined reference to `vtable for YAML::BadConversion'
[7.233s] /usr/bin/ld: CMakeFiles/bt_plugin_node.dir/behaviour_tree/bt_nodes.cpp.o: in function `YAML::detail::memory_holder::create_node()':
[7.233s] bt_nodes.cpp:(.text._ZN4YAML6detail13memory_holder11create_nodeEv[_ZN4YAML6detail13memory_holder11create_nodeEv]+0x20): undefined reference to `YAML::detail::memory::create_node()'
[7.233s] /usr/bin/ld: CMakeFiles/bt_plugin_node.dir/behaviour_tree/bt_nodes.cpp.o: in function `YAML::detail::node_ref::mark_defined()':
[7.233s] bt_nodes.cpp:(.text._ZN4YAML6detail8node_ref12mark_definedEv[_ZN4YAML6detail8node_ref12mark_definedEv]+0x20): undefined reference to `YAML::detail::node_data::mark_defined()'
[7.234s] /usr/bin/ld: CMakeFiles/bt_plugin_node.dir/behaviour_tree/bt_nodes.cpp.o: in function `YAML::detail::node_ref::set_null()':
[7.234s] bt_nodes.cpp:(.text._ZN4YAML6detail8node_ref8set_nullEv[_ZN4YAML6detail8node_ref8set_nullEv]+0x20): undefined reference to `YAML::detail::node_data::set_null()'
[7.234s] /usr/bin/ld: CMakeFiles/bt_plugin_node.dir/behaviour_tree/bt_nodes.cpp.o: in function `YAML::detail::node_ref::set_scalar(std::__cxx11::basic_string<char, std::char_traits<char>, std::allocator<char> > const&)':
[7.234s] bt_nodes.cpp:(.text._ZN4YAML6detail8node_ref10set_scalarERKNSt7__cxx1112basic_stringIcSt11char_traitsIcESaIcEEE[_ZN4YAML6detail8node_ref10set_scalarERKNSt7__cxx1112basic_stringIcSt11char_traitsIcESaIcEEE]+0x2e): undefined reference to `YAML::detail::node_data::set_scalar(std::__cxx11::basic_string<char, std::char_traits<char>, std::allocator<char> > const&)'
[7.235s] /usr/bin/ld: CMakeFiles/bt_plugin_node.dir/behaviour_tree/bt_nodes.cpp.o: in function `YAML::detail::node_ref::begin()':
[7.235s] bt_nodes.cpp:(.text._ZN4YAML6detail8node_ref5beginEv[_ZN4YAML6detail8node_ref5beginEv]+0x3d): undefined reference to `YAML::detail::node_data::begin()'
[7.235s] /usr/bin/ld: CMakeFiles/bt_plugin_node.dir/behaviour_tree/bt_nodes.cpp.o: in function `YAML::detail::node_ref::end()':
[7.235s] bt_nodes.cpp:(.text._ZN4YAML6detail8node_ref3endEv[_ZN4YAML6detail8node_ref3endEv]+0x3d): undefined reference to `YAML::detail::node_data::end()'
[7.236s] /usr/bin/ld: CMakeFiles/bt_plugin_node.dir/behaviour_tree/bt_nodes.cpp.o: in function `YAML::Node::EnsureNodeExists() const':
[7.236s] bt_nodes.cpp:(.text._ZNK4YAML4Node16EnsureNodeExistsEv[_ZNK4YAML4Node16EnsureNodeExistsEv]+0x44): undefined reference to `YAML::InvalidNode::~InvalidNode()'
[7.236s] /usr/bin/ld: bt_nodes.cpp:(.text._ZNK4YAML4Node16EnsureNodeExistsEv[_ZNK4YAML4Node16EnsureNodeExistsEv]+0x4e): undefined reference to `typeinfo for YAML::InvalidNode'
[7.237s] /usr/bin/ld: CMakeFiles/bt_plugin_node.dir/behaviour_tree/bt_nodes.cpp.o: in function `YAML::Node::Mark() const':
[7.237s] bt_nodes.cpp:(.text._ZNK4YAML4Node4MarkEv[_ZNK4YAML4Node4MarkEv]+0x44): undefined reference to `YAML::InvalidNode::~InvalidNode()'
[7.237s] /usr/bin/ld: bt_nodes.cpp:(.text._ZNK4YAML4Node4MarkEv[_ZNK4YAML4Node4MarkEv]+0x4e): undefined reference to `typeinfo for YAML::InvalidNode'
[7.237s] /usr/bin/ld: CMakeFiles/bt_plugin_node.dir/behaviour_tree/bt_nodes.cpp.o: in function `YAML::Node::Type() const':
[7.237s] bt_nodes.cpp:(.text._ZNK4YAML4Node4TypeEv[_ZNK4YAML4Node4TypeEv]+0x44): undefined reference to `YAML::InvalidNode::~InvalidNode()'
[7.238s] /usr/bin/ld: bt_nodes.cpp:(.text._ZNK4YAML4Node4TypeEv[_ZNK4YAML4Node4TypeEv]+0x4e): undefined reference to `typeinfo for YAML::InvalidNode'
[7.238s] /usr/bin/ld: CMakeFiles/bt_plugin_node.dir/behaviour_tree/bt_nodes.cpp.o: in function `YAML::Node::Scalar[abi:cxx11]() const':
[7.238s] bt_nodes.cpp:(.text._ZNK4YAML4Node6ScalarB5cxx11Ev[_ZNK4YAML4Node6ScalarB5cxx11Ev]+0x44): undefined reference to `YAML::InvalidNode::~InvalidNode()'
[7.238s] /usr/bin/ld: bt_nodes.cpp:(.text._ZNK4YAML4Node6ScalarB5cxx11Ev[_ZNK4YAML4Node6ScalarB5cxx11Ev]+0x4e): undefined reference to `typeinfo for YAML::InvalidNode'
[7.239s] /usr/bin/ld: bt_nodes.cpp:(.text._ZNK4YAML4Node6ScalarB5cxx11Ev[_ZNK4YAML4Node6ScalarB5cxx11Ev]+0x7d): undefined reference to `YAML::detail::node_data::empty_scalar[abi:cxx11]()'
[7.239s] /usr/bin/ld: CMakeFiles/bt_plugin_node.dir/behaviour_tree/bt_nodes.cpp.o: in function `GetNextGoal::declareAndLoadPoses()':
[7.239s] bt_nodes.cpp:(.text._ZN11GetNextGoal19declareAndLoadPosesEv[_ZN11GetNextGoal19declareAndLoadPosesEv]+0x24a): undefined reference to `YAML::LoadFile(std::__cxx11::basic_string<char, std::char_traits<char>, std::allocator<char> > const&)'
[7.240s] /usr/bin/ld: CMakeFiles/bt_plugin_node.dir/behaviour_tree/bt_nodes.cpp.o: in function `std::__cxx11::basic_string<char, std::char_traits<char>, std::allocator<char> > YAML::Node::as<std::__cxx11::basic_string<char, std::char_traits<char>, std::allocator<char> > >() const':
[7.240s] bt_nodes.cpp:(.text._ZNK4YAML4Node2asINSt7__cxx1112basic_stringIcSt11char_traitsIcESaIcEEEEET_v[_ZNK4YAML4Node2asINSt7__cxx1112basic_stringIcSt11char_traitsIcESaIcEEEEET_v]+0x57): undefined reference to `YAML::InvalidNode::~InvalidNode()'
[7.240s] /usr/bin/ld: bt_nodes.cpp:(.text._ZNK4YAML4Node2asINSt7__cxx1112basic_stringIcSt11char_traitsIcESaIcEEEEET_v[_ZNK4YAML4Node2asINSt7__cxx1112basic_stringIcSt11char_traitsIcESaIcEEEEET_v]+0x61): undefined reference to `typeinfo for YAML::InvalidNode'
[7.241s] /usr/bin/ld: CMakeFiles/bt_plugin_node.dir/behaviour_tree/bt_nodes.cpp.o: in function `double YAML::Node::as<double>() const':
[7.241s] bt_nodes.cpp:(.text._ZNK4YAML4Node2asIdEET_v[_ZNK4YAML4Node2asIdEET_v]+0x53): undefined reference to `YAML::InvalidNode::~InvalidNode()'
[7.241s] /usr/bin/ld: bt_nodes.cpp:(.text._ZNK4YAML4Node2asIdEET_v[_ZNK4YAML4Node2asIdEET_v]+0x5d): undefined reference to `typeinfo for YAML::InvalidNode'
[7.242s] /usr/bin/ld: CMakeFiles/bt_plugin_node.dir/behaviour_tree/bt_nodes.cpp.o: in function `YAML::TypedBadConversion<double>::~TypedBadConversion()':
[7.242s] bt_nodes.cpp:(.text._ZN4YAML18TypedBadConversionIdED2Ev[_ZN4YAML18TypedBadConversionIdED5Ev]+0x26): undefined reference to `YAML::BadConversion::~BadConversion()'
[7.243s] /usr/bin/ld: CMakeFiles/bt_plugin_node.dir/behaviour_tree/bt_nodes.cpp.o: in function `YAML::detail::node* YAML::detail::node_data::get<char [7]>(char const (&) [7], std::shared_ptr<YAML::detail::memory_holder>) const':
[7.243s] bt_nodes.cpp:(.text._ZNK4YAML6detail9node_data3getIA7_cEEPNS0_4nodeERKT_St10shared_ptrINS0_13memory_holderEE[_ZNK4YAML6detail9node_data3getIA7_cEEPNS0_4nodeERKT_St10shared_ptrINS0_13memory_holderEE]+0xf7): undefined reference to `YAML::BadSubscript::~BadSubscript()'
[7.243s] /usr/bin/ld: bt_nodes.cpp:(.text._ZNK4YAML6detail9node_data3getIA7_cEEPNS0_4nodeERKT_St10shared_ptrINS0_13memory_holderEE[_ZNK4YAML6detail9node_data3getIA7_cEEPNS0_4nodeERKT_St10shared_ptrINS0_13memory_holderEE]+0x101): undefined reference to `typeinfo for YAML::BadSubscript'
[7.244s] /usr/bin/ld: CMakeFiles/bt_plugin_node.dir/behaviour_tree/bt_nodes.cpp.o: in function `YAML::detail::node* YAML::detail::node_data::get<char [9]>(char const (&) [9], std::shared_ptr<YAML::detail::memory_holder>) const':
[7.244s] bt_nodes.cpp:(.text._ZNK4YAML6detail9node_data3getIA9_cEEPNS0_4nodeERKT_St10shared_ptrINS0_13memory_holderEE[_ZNK4YAML6detail9node_data3getIA9_cEEPNS0_4nodeERKT_St10shared_ptrINS0_13memory_holderEE]+0xf7): undefined reference to `YAML::BadSubscript::~BadSubscript()'
[7.244s] /usr/bin/ld: bt_nodes.cpp:(.text._ZNK4YAML6detail9node_data3getIA9_cEEPNS0_4nodeERKT_St10shared_ptrINS0_13memory_holderEE[_ZNK4YAML6detail9node_data3getIA9_cEEPNS0_4nodeERKT_St10shared_ptrINS0_13memory_holderEE]+0x101): undefined reference to `typeinfo for YAML::BadSubscript'
[7.244s] /usr/bin/ld: CMakeFiles/bt_plugin_node.dir/behaviour_tree/bt_nodes.cpp.o: in function `YAML::detail::node* YAML::detail::node_data::get<char [5]>(char const (&) [5], std::shared_ptr<YAML::detail::memory_holder>) const':
[7.244s] bt_nodes.cpp:(.text._ZNK4YAML6detail9node_data3getIA5_cEEPNS0_4nodeERKT_St10shared_ptrINS0_13memory_holderEE[_ZNK4YAML6detail9node_data3getIA5_cEEPNS0_4nodeERKT_St10shared_ptrINS0_13memory_holderEE]+0xf7): undefined reference to `YAML::BadSubscript::~BadSubscript()'
[7.245s] /usr/bin/ld: bt_nodes.cpp:(.text._ZNK4YAML6detail9node_data3getIA5_cEEPNS0_4nodeERKT_St10shared_ptrINS0_13memory_holderEE[_ZNK4YAML6detail9node_data3getIA5_cEEPNS0_4nodeERKT_St10shared_ptrINS0_13memory_holderEE]+0x101): undefined reference to `typeinfo for YAML::BadSubscript'
[7.245s] /usr/bin/ld: CMakeFiles/bt_plugin_node.dir/behaviour_tree/bt_nodes.cpp.o: in function `YAML::detail::node* YAML::detail::node_data::get<char [2]>(char const (&) [2], std::shared_ptr<YAML::detail::memory_holder>) const':
[7.245s] bt_nodes.cpp:(.text._ZNK4YAML6detail9node_data3getIA2_cEEPNS0_4nodeERKT_St10shared_ptrINS0_13memory_holderEE[_ZNK4YAML6detail9node_data3getIA2_cEEPNS0_4nodeERKT_St10shared_ptrINS0_13memory_holderEE]+0xf7): undefined reference to `YAML::BadSubscript::~BadSubscript()'
[7.245s] /usr/bin/ld: bt_nodes.cpp:(.text._ZNK4YAML6detail9node_data3getIA2_cEEPNS0_4nodeERKT_St10shared_ptrINS0_13memory_holderEE[_ZNK4YAML6detail9node_data3getIA2_cEEPNS0_4nodeERKT_St10shared_ptrINS0_13memory_holderEE]+0x101): undefined reference to `typeinfo for YAML::BadSubscript'
[7.245s] /usr/bin/ld: CMakeFiles/bt_plugin_node.dir/behaviour_tree/bt_nodes.cpp.o: in function `YAML::detail::node* YAML::detail::node_data::get<char [12]>(char const (&) [12], std::shared_ptr<YAML::detail::memory_holder>) const':
[7.246s] bt_nodes.cpp:(.text._ZNK4YAML6detail9node_data3getIA12_cEEPNS0_4nodeERKT_St10shared_ptrINS0_13memory_holderEE[_ZNK4YAML6detail9node_data3getIA12_cEEPNS0_4nodeERKT_St10shared_ptrINS0_13memory_holderEE]+0xf7): undefined reference to `YAML::BadSubscript::~BadSubscript()'
[7.246s] /usr/bin/ld: bt_nodes.cpp:(.text._ZNK4YAML6detail9node_data3getIA12_cEEPNS0_4nodeERKT_St10shared_ptrINS0_13memory_holderEE[_ZNK4YAML6detail9node_data3getIA12_cEEPNS0_4nodeERKT_St10shared_ptrINS0_13memory_holderEE]+0x101): undefined reference to `typeinfo for YAML::BadSubscript'
[7.246s] /usr/bin/ld: CMakeFiles/bt_plugin_node.dir/behaviour_tree/bt_nodes.cpp.o: in function `YAML::detail::node& YAML::detail::node_data::get<char [10]>(char const (&) [10], std::shared_ptr<YAML::detail::memory_holder>)':
[7.246s] bt_nodes.cpp:(.text._ZN4YAML6detail9node_data3getIA10_cEERNS0_4nodeERKT_St10shared_ptrINS0_13memory_holderEE[_ZN4YAML6detail9node_data3getIA10_cEERNS0_4nodeERKT_St10shared_ptrINS0_13memory_holderEE]+0xd3): undefined reference to `YAML::detail::node_data::convert_to_map(std::shared_ptr<YAML::detail::memory_holder> const&)'
[7.246s] /usr/bin/ld: bt_nodes.cpp:(.text._ZN4YAML6detail9node_data3getIA10_cEERNS0_4nodeERKT_St10shared_ptrINS0_13memory_holderEE[_ZN4YAML6detail9node_data3getIA10_cEERNS0_4nodeERKT_St10shared_ptrINS0_13memory_holderEE]+0x103): undefined reference to `YAML::BadSubscript::~BadSubscript()'
[7.247s] /usr/bin/ld: bt_nodes.cpp:(.text._ZN4YAML6detail9node_data3getIA10_cEERNS0_4nodeERKT_St10shared_ptrINS0_13memory_holderEE[_ZN4YAML6detail9node_data3getIA10_cEERNS0_4nodeERKT_St10shared_ptrINS0_13memory_holderEE]+0x10d): undefined reference to `typeinfo for YAML::BadSubscript'
[7.247s] /usr/bin/ld: bt_nodes.cpp:(.text._ZN4YAML6detail9node_data3getIA10_cEERNS0_4nodeERKT_St10shared_ptrINS0_13memory_holderEE[_ZN4YAML6detail9node_data3getIA10_cEERNS0_4nodeERKT_St10shared_ptrINS0_13memory_holderEE]+0x1fb): undefined reference to `YAML::detail::node_data::insert_map_pair(YAML::detail::node&, YAML::detail::node&)'
[7.247s] /usr/bin/ld: CMakeFiles/bt_plugin_node.dir/behaviour_tree/bt_nodes.cpp.o: in function `YAML::detail::node& YAML::detail::node_data::get<char [9]>(char const (&) [9], std::shared_ptr<YAML::detail::memory_holder>)':
[7.247s] bt_nodes.cpp:(.text._ZN4YAML6detail9node_data3getIA9_cEERNS0_4nodeERKT_St10shared_ptrINS0_13memory_holderEE[_ZN4YAML6detail9node_data3getIA9_cEERNS0_4nodeERKT_St10shared_ptrINS0_13memory_holderEE]+0xd3): undefined reference to `YAML::detail::node_data::convert_to_map(std::shared_ptr<YAML::detail::memory_holder> const&)'
[7.248s] /usr/bin/ld: bt_nodes.cpp:(.text._ZN4YAML6detail9node_data3getIA9_cEERNS0_4nodeERKT_St10shared_ptrINS0_13memory_holderEE[_ZN4YAML6detail9node_data3getIA9_cEERNS0_4nodeERKT_St10shared_ptrINS0_13memory_holderEE]+0x103): undefined reference to `YAML::BadSubscript::~BadSubscript()'
[7.248s] /usr/bin/ld: bt_nodes.cpp:(.text._ZN4YAML6detail9node_data3getIA9_cEERNS0_4nodeERKT_St10shared_ptrINS0_13memory_holderEE[_ZN4YAML6detail9node_data3getIA9_cEERNS0_4nodeERKT_St10shared_ptrINS0_13memory_holderEE]+0x10d): undefined reference to `typeinfo for YAML::BadSubscript'
[7.248s] /usr/bin/ld: bt_nodes.cpp:(.text._ZN4YAML6detail9node_data3getIA9_cEERNS0_4nodeERKT_St10shared_ptrINS0_13memory_holderEE[_ZN4YAML6detail9node_data3getIA9_cEERNS0_4nodeERKT_St10shared_ptrINS0_13memory_holderEE]+0x1fb): undefined reference to `YAML::detail::node_data::insert_map_pair(YAML::detail::node&, YAML::detail::node&)'
[7.248s] /usr/bin/ld: CMakeFiles/bt_plugin_node.dir/behaviour_tree/bt_nodes.cpp.o: in function `YAML::detail::node& YAML::detail::node_data::get<int>(int const&, std::shared_ptr<YAML::detail::memory_holder>)':
[7.248s] bt_nodes.cpp:(.text._ZN4YAML6detail9node_data3getIiEERNS0_4nodeERKT_St10shared_ptrINS0_13memory_holderEE[_ZN4YAML6detail9node_data3getIiEERNS0_4nodeERKT_St10shared_ptrINS0_13memory_holderEE]+0xd3): undefined reference to `YAML::detail::node_data::convert_to_map(std::shared_ptr<YAML::detail::memory_holder> const&)'
[7.249s] /usr/bin/ld: bt_nodes.cpp:(.text._ZN4YAML6detail9node_data3getIiEERNS0_4nodeERKT_St10shared_ptrINS0_13memory_holderEE[_ZN4YAML6detail9node_data3getIiEERNS0_4nodeERKT_St10shared_ptrINS0_13memory_holderEE]+0x103): undefined reference to `YAML::BadSubscript::~BadSubscript()'
[7.249s] /usr/bin/ld: bt_nodes.cpp:(.text._ZN4YAML6detail9node_data3getIiEERNS0_4nodeERKT_St10shared_ptrINS0_13memory_holderEE[_ZN4YAML6detail9node_data3getIiEERNS0_4nodeERKT_St10shared_ptrINS0_13memory_holderEE]+0x10d): undefined reference to `typeinfo for YAML::BadSubscript'
[7.249s] /usr/bin/ld: bt_nodes.cpp:(.text._ZN4YAML6detail9node_data3getIiEERNS0_4nodeERKT_St10shared_ptrINS0_13memory_holderEE[_ZN4YAML6detail9node_data3getIiEERNS0_4nodeERKT_St10shared_ptrINS0_13memory_holderEE]+0x1fb): undefined reference to `YAML::detail::node_data::insert_map_pair(YAML::detail::node&, YAML::detail::node&)'
[7.249s] /usr/bin/ld: CMakeFiles/bt_plugin_node.dir/behaviour_tree/bt_nodes.cpp.o: in function `YAML::detail::node& YAML::detail::node_data::get<char [5]>(char const (&) [5], std::shared_ptr<YAML::detail::memory_holder>)':
[7.249s] bt_nodes.cpp:(.text._ZN4YAML6detail9node_data3getIA5_cEERNS0_4nodeERKT_St10shared_ptrINS0_13memory_holderEE[_ZN4YAML6detail9node_data3getIA5_cEERNS0_4nodeERKT_St10shared_ptrINS0_13memory_holderEE]+0xd3): undefined reference to `YAML::detail::node_data::convert_to_map(std::shared_ptr<YAML::detail::memory_holder> const&)'
[7.250s] /usr/bin/ld: bt_nodes.cpp:(.text._ZN4YAML6detail9node_data3getIA5_cEERNS0_4nodeERKT_St10shared_ptrINS0_13memory_holderEE[_ZN4YAML6detail9node_data3getIA5_cEERNS0_4nodeERKT_St10shared_ptrINS0_13memory_holderEE]+0x103): undefined reference to `YAML::BadSubscript::~BadSubscript()'
[7.250s] /usr/bin/ld: bt_nodes.cpp:(.text._ZN4YAML6detail9node_data3getIA5_cEERNS0_4nodeERKT_St10shared_ptrINS0_13memory_holderEE[_ZN4YAML6detail9node_data3getIA5_cEERNS0_4nodeERKT_St10shared_ptrINS0_13memory_holderEE]+0x10d): undefined reference to `typeinfo for YAML::BadSubscript'
[7.250s] /usr/bin/ld: bt_nodes.cpp:(.text._ZN4YAML6detail9node_data3getIA5_cEERNS0_4nodeERKT_St10shared_ptrINS0_13memory_holderEE[_ZN4YAML6detail9node_data3getIA5_cEERNS0_4nodeERKT_St10shared_ptrINS0_13memory_holderEE]+0x1fb): undefined reference to `YAML::detail::node_data::insert_map_pair(YAML::detail::node&, YAML::detail::node&)'
[7.252s] /usr/bin/ld: CMakeFiles/bt_plugin_node.dir/behaviour_tree/bt_nodes.cpp.o: in function `YAML::BadSubscript::BadSubscript<char [7]>(YAML::Mark const&, char const (&) [7])':
[7.252s] bt_nodes.cpp:(.text._ZN4YAML12BadSubscriptC2IA7_cEERKNS_4MarkERKT_[_ZN4YAML12BadSubscriptC5IA7_cEERKNS_4MarkERKT_]+0x61): undefined reference to `vtable for YAML::BadSubscript'
[7.253s] /usr/bin/ld: CMakeFiles/bt_plugin_node.dir/behaviour_tree/bt_nodes.cpp.o: in function `YAML::BadSubscript::BadSubscript<char [9]>(YAML::Mark const&, char const (&) [9])':
[7.253s] bt_nodes.cpp:(.text._ZN4YAML12BadSubscriptC2IA9_cEERKNS_4MarkERKT_[_ZN4YAML12BadSubscriptC5IA9_cEERKNS_4MarkERKT_]+0x61): undefined reference to `vtable for YAML::BadSubscript'
[7.254s] /usr/bin/ld: CMakeFiles/bt_plugin_node.dir/behaviour_tree/bt_nodes.cpp.o: in function `YAML::BadSubscript::BadSubscript<char [5]>(YAML::Mark const&, char const (&) [5])':
[7.254s] bt_nodes.cpp:(.text._ZN4YAML12BadSubscriptC2IA5_cEERKNS_4MarkERKT_[_ZN4YAML12BadSubscriptC5IA5_cEERKNS_4MarkERKT_]+0x61): undefined reference to `vtable for YAML::BadSubscript'
[7.254s] /usr/bin/ld: CMakeFiles/bt_plugin_node.dir/behaviour_tree/bt_nodes.cpp.o: in function `YAML::BadSubscript::BadSubscript<char [2]>(YAML::Mark const&, char const (&) [2])':
[7.254s] bt_nodes.cpp:(.text._ZN4YAML12BadSubscriptC2IA2_cEERKNS_4MarkERKT_[_ZN4YAML12BadSubscriptC5IA2_cEERKNS_4MarkERKT_]+0x61): undefined reference to `vtable for YAML::BadSubscript'
[7.255s] /usr/bin/ld: CMakeFiles/bt_plugin_node.dir/behaviour_tree/bt_nodes.cpp.o: in function `YAML::BadSubscript::BadSubscript<char [12]>(YAML::Mark const&, char const (&) [12])':
[7.255s] bt_nodes.cpp:(.text._ZN4YAML12BadSubscriptC2IA12_cEERKNS_4MarkERKT_[_ZN4YAML12BadSubscriptC5IA12_cEERKNS_4MarkERKT_]+0x61): undefined reference to `vtable for YAML::BadSubscript'
[7.255s] /usr/bin/ld: CMakeFiles/bt_plugin_node.dir/behaviour_tree/bt_nodes.cpp.o:bt_nodes.cpp:(.text._ZN4YAML12BadSubscriptC2IA10_cEERKNS_4MarkERKT_[_ZN4YAML12BadSubscriptC5IA10_cEERKNS_4MarkERKT_]+0x61): more undefined references to `vtable for YAML::BadSubscript' follow
[7.256s] /usr/bin/ld: CMakeFiles/bt_plugin_node.dir/behaviour_tree/bt_nodes.cpp.o: in function `YAML::detail::node& YAML::detail::node_data::convert_to_node<char [10]>(char const (&) [10], std::shared_ptr<YAML::detail::memory_holder>)':
[7.256s] bt_nodes.cpp:(.text._ZN4YAML6detail9node_data15convert_to_nodeIA10_cEERNS0_4nodeERKT_St10shared_ptrINS0_13memory_holderEE[_ZN4YAML6detail9node_data15convert_to_nodeIA10_cEERNS0_4nodeERKT_St10shared_ptrINS0_13memory_holderEE]+0x69): undefined reference to `YAML::detail::memory_holder::merge(YAML::detail::memory_holder&)'
[7.256s] /usr/bin/ld: CMakeFiles/bt_plugin_node.dir/behaviour_tree/bt_nodes.cpp.o: in function `YAML::detail::node& YAML::detail::node_data::convert_to_node<char [9]>(char const (&) [9], std::shared_ptr<YAML::detail::memory_holder>)':
[7.256s] bt_nodes.cpp:(.text._ZN4YAML6detail9node_data15convert_to_nodeIA9_cEERNS0_4nodeERKT_St10shared_ptrINS0_13memory_holderEE[_ZN4YAML6detail9node_data15convert_to_nodeIA9_cEERNS0_4nodeERKT_St10shared_ptrINS0_13memory_holderEE]+0x69): undefined reference to `YAML::detail::memory_holder::merge(YAML::detail::memory_holder&)'
[7.257s] /usr/bin/ld: CMakeFiles/bt_plugin_node.dir/behaviour_tree/bt_nodes.cpp.o: in function `YAML::BadSubscript::BadSubscript<int>(YAML::Mark const&, int const&)':
[7.257s] bt_nodes.cpp:(.text._ZN4YAML12BadSubscriptC2IiEERKNS_4MarkERKT_[_ZN4YAML12BadSubscriptC5IiEERKNS_4MarkERKT_]+0x66): undefined reference to `vtable for YAML::BadSubscript'
[7.257s] /usr/bin/ld: CMakeFiles/bt_plugin_node.dir/behaviour_tree/bt_nodes.cpp.o: in function `YAML::detail::node& YAML::detail::node_data::convert_to_node<int>(int const&, std::shared_ptr<YAML::detail::memory_holder>)':
[7.257s] bt_nodes.cpp:(.text._ZN4YAML6detail9node_data15convert_to_nodeIiEERNS0_4nodeERKT_St10shared_ptrINS0_13memory_holderEE[_ZN4YAML6detail9node_data15convert_to_nodeIiEERNS0_4nodeERKT_St10shared_ptrINS0_13memory_holderEE]+0x69): undefined reference to `YAML::detail::memory_holder::merge(YAML::detail::memory_holder&)'
[7.258s] /usr/bin/ld: CMakeFiles/bt_plugin_node.dir/behaviour_tree/bt_nodes.cpp.o: in function `YAML::detail::node& YAML::detail::node_data::convert_to_node<char [5]>(char const (&) [5], std::shared_ptr<YAML::detail::memory_holder>)':
[7.258s] bt_nodes.cpp:(.text._ZN4YAML6detail9node_data15convert_to_nodeIA5_cEERNS0_4nodeERKT_St10shared_ptrINS0_13memory_holderEE[_ZN4YAML6detail9node_data15convert_to_nodeIA5_cEERNS0_4nodeERKT_St10shared_ptrINS0_13memory_holderEE]+0x69): undefined reference to `YAML::detail::memory_holder::merge(YAML::detail::memory_holder&)'
[7.262s] /usr/bin/ld: CMakeFiles/bt_plugin_node.dir/behaviour_tree/bt_nodes.cpp.o: in function `YAML::TypedBadConversion<std::__cxx11::basic_string<char, std::char_traits<char>, std::allocator<char> > >::~TypedBadConversion()':
[7.262s] bt_nodes.cpp:(.text._ZN4YAML18TypedBadConversionINSt7__cxx1112basic_stringIcSt11char_traitsIcESaIcEEEED2Ev[_ZN4YAML18TypedBadConversionINSt7__cxx1112basic_stringIcSt11char_traitsIcESaIcEEEED5Ev]+0x26): undefined reference to `YAML::BadConversion::~BadConversion()'
[7.263s] /usr/bin/ld: CMakeFiles/bt_plugin_node.dir/behaviour_tree/bt_nodes.cpp.o:(.data.rel.ro._ZTIN4YAML18TypedBadConversionIdEE[_ZTIN4YAML18TypedBadConversionIdEE]+0x10): undefined reference to `typeinfo for YAML::BadConversion'
[7.264s] /usr/bin/ld: CMakeFiles/bt_plugin_node.dir/behaviour_tree/bt_nodes.cpp.o:(.data.rel.ro._ZTIN4YAML18TypedBadConversionINSt7__cxx1112basic_stringIcSt11char_traitsIcESaIcEEEEE[_ZTIN4YAML18TypedBadConversionINSt7__cxx1112basic_stringIcSt11char_traitsIcESaIcEEEEE]+0x10): undefined reference to `typeinfo for YAML::BadConversion'
[7.289s] /usr/bin/ld: warning: creating DT_TEXTREL in a PIE
[7.293s] collect2: error: ld returned 1 exit status
[7.294s] gmake[2]: *** [CMakeFiles/bt_plugin_node.dir/build.make:184: bt_plugin_node] Error 1
[7.294s] gmake[1]: *** [CMakeFiles/Makefile2:165: CMakeFiles/bt_plugin_node.dir/all] Error 2
[7.294s] gmake: *** [Makefile:146: all] Error 2
[7.296s] Invoked command in '/home/dcbothra2204/ros2_ws/build/nav_robot' returned '2': CMAKE_PREFIX_PATH=${CMAKE_PREFIX_PATH}:/opt/ros/humble /usr/bin/cmake --build /home/dcbothra2204/ros2_ws/build/nav_robot -- -j8 -l8
