[01m[K/home/dcbothra2204/ros2_ws/src/nav_robot/behaviour_tree/bt_nodes.cpp:[m[K In member function ‘[01m[Kvirtual BT::NodeStatus GetNextGoal::tick()[m[K’:
[01m[K/home/dcbothra2204/ros2_ws/src/nav_robot/behaviour_tree/bt_nodes.cpp:80:5:[m[K [01;31m[Kerror: [m[K‘[01m[Kblackboard[m[K’ was not declared in this scope
   80 |     [01;31m[Kblackboard[m[K()->get("charging_mode", charging);
      |     [01;31m[K^~~~~~~~~~[m[K
[01m[K/home/dcbothra2204/ros2_ws/src/nav_robot/behaviour_tree/bt_nodes.cpp:[m[K In member function ‘[01m[Kvoid GetNextGoal::declareAndLoadPoses()[m[K’:
[01m[K/home/dcbothra2204/ros2_ws/src/nav_robot/behaviour_tree/bt_nodes.cpp:127:7:[m[K [01;31m[Kerror: [m[K‘[01m[Kblackboard[m[K’ was not declared in this scope
  127 |       [01;31m[Kblackboard[m[K()->set("charging_station", charging_pose_);
      |       [01;31m[K^~~~~~~~~~[m[K
[01m[K/home/dcbothra2204/ros2_ws/src/nav_robot/behaviour_tree/bt_nodes.cpp:[m[K In member function ‘[01m[Kvirtual BT::NodeStatus CheckBatteryLevel::tick()[m[K’:
[01m[K/home/dcbothra2204/ros2_ws/src/nav_robot/behaviour_tree/bt_nodes.cpp:187:5:[m[K [01;31m[Kerror: [m[K‘[01m[Kblackboard[m[K’ was not declared in this scope
  187 |     [01;31m[Kblackboard[m[K()->set("charging_mode", low);
      |     [01;31m[K^~~~~~~~~~[m[K
[01m[K/home/dcbothra2204/ros2_ws/src/nav_robot/behaviour_tree/bt_nodes.cpp:[m[K In member function ‘[01m[Kvirtual BT::NodeStatus ResumeLastTask::tick()[m[K’:
[01m[K/home/dcbothra2204/ros2_ws/src/nav_robot/behaviour_tree/bt_nodes.cpp:229:5:[m[K [01;31m[Kerror: [m[K‘[01m[Kblackboard[m[K’ was not declared in this scope
  229 |     [01;31m[Kblackboard[m[K()->set("charging_mode", false);
      |     [01;31m[K^~~~~~~~~~[m[K
In file included from [01m[K/opt/ros/humble/include/rclcpp/rclcpp/client.hpp:39[m[K,
                 from [01m[K/opt/ros/humble/include/rclcpp/rclcpp/callback_group.hpp:24[m[K,
                 from [01m[K/opt/ros/humble/include/rclcpp/rclcpp/any_executable.hpp:20[m[K,
                 from [01m[K/opt/ros/humble/include/rclcpp/rclcpp/memory_strategy.hpp:25[m[K,
                 from [01m[K/opt/ros/humble/include/rclcpp/rclcpp/memory_strategies.hpp:18[m[K,
                 from [01m[K/opt/ros/humble/include/rclcpp/rclcpp/executor_options.hpp:20[m[K,
                 from [01m[K/opt/ros/humble/include/rclcpp/rclcpp/executor.hpp:37[m[K,
                 from [01m[K/opt/ros/humble/include/rclcpp/rclcpp/executors/multi_threaded_executor.hpp:25[m[K,
                 from [01m[K/opt/ros/humble/include/rclcpp/rclcpp/executors.hpp:21[m[K,
                 from [01m[K/opt/ros/humble/include/rclcpp/rclcpp/rclcpp.hpp:155[m[K,
                 from [01m[K/home/dcbothra2204/ros2_ws/src/nav_robot/behaviour_tree/bt_nodes.cpp:5[m[K:
/opt/ros/humble/include/rclcpp/rclcpp/function_traits.hpp: In instantiation of ‘[01m[Kstruct rclcpp::function_traits::function_traits<CheckBatteryLevel::CheckBatteryLevel(const string&, const BT::NodeConfiguration&)::<lambda(auto:40)> >[m[K’:
[01m[K/opt/ros/humble/include/rclcpp/rclcpp/any_subscription_callback.hpp:380:10:[m[K   recursively required by substitution of ‘[01m[Ktemplate<class MessageT, class CallbackT> struct rclcpp::detail::SubscriptionCallbackTypeHelper<MessageT, CallbackT, typename std::enable_if<rclcpp::function_traits::same_arguments<CallbackT, std::function<void(std::shared_ptr<_Tp>, const rclcpp::MessageInfo&)> >::value, void>::type> [with MessageT = sensor_msgs::msg::BatteryState_<std::allocator<void> >; CallbackT = CheckBatteryLevel::CheckBatteryLevel(const string&, const BT::NodeConfiguration&)::<lambda(auto:40)>][m[K’
[01m[K/opt/ros/humble/include/rclcpp/rclcpp/any_subscription_callback.hpp:380:10:[m[K   required from ‘[01m[Krclcpp::AnySubscriptionCallback<MessageT, AllocatorT> rclcpp::AnySubscriptionCallback<MessageT, AllocatorT>::set(CallbackT) [with CallbackT = CheckBatteryLevel::CheckBatteryLevel(const string&, const BT::NodeConfiguration&)::<lambda(auto:40)>; MessageT = sensor_msgs::msg::BatteryState_<std::allocator<void> >; AllocatorT = std::allocator<void>][m[K’
[01m[K/opt/ros/humble/include/rclcpp/rclcpp/subscription_factory.hpp:94:32:[m[K   required from ‘[01m[Krclcpp::SubscriptionFactory rclcpp::create_subscription_factory(CallbackT&&, const rclcpp::SubscriptionOptionsWithAllocator<AllocatorT>&, typename MessageMemoryStrategyT::SharedPtr, std::shared_ptr<rclcpp::topic_statistics::SubscriptionTopicStatistics<ROSMessageType> >) [with MessageT = sensor_msgs::msg::BatteryState_<std::allocator<void> >; CallbackT = CheckBatteryLevel::CheckBatteryLevel(const string&, const BT::NodeConfiguration&)::<lambda(auto:40)>; AllocatorT = std::allocator<void>; SubscriptionT = rclcpp::Subscription<sensor_msgs::msg::BatteryState_<std::allocator<void> > >; MessageMemoryStrategyT = rclcpp::message_memory_strategy::MessageMemoryStrategy<sensor_msgs::msg::BatteryState_<std::allocator<void> >, std::allocator<void> >; ROSMessageType = sensor_msgs::msg::BatteryState_<std::allocator<void> >; typename MessageMemoryStrategyT::SharedPtr = std::shared_ptr<rclcpp::message_memory_strategy::MessageMemoryStrategy<sensor_msgs::msg::BatteryState_<std::allocator<void> >, std::allocator<void> > >][m[K’
[01m[K/opt/ros/humble/include/rclcpp/rclcpp/create_subscription.hpp:122:63:[m[K   required from ‘[01m[Kstd::shared_ptr<ROSMessageT> rclcpp::detail::create_subscription(NodeParametersT&, NodeTopicsT&, const string&, const rclcpp::QoS&, CallbackT&&, const rclcpp::SubscriptionOptionsWithAllocator<AllocatorT>&, typename MessageMemoryStrategyT::SharedPtr) [with MessageT = sensor_msgs::msg::BatteryState_<std::allocator<void> >; CallbackT = CheckBatteryLevel::CheckBatteryLevel(const string&, const BT::NodeConfiguration&)::<lambda(auto:40)>; AllocatorT = std::allocator<void>; SubscriptionT = rclcpp::Subscription<sensor_msgs::msg::BatteryState_<std::allocator<void> > >; MessageMemoryStrategyT = rclcpp::message_memory_strategy::MessageMemoryStrategy<sensor_msgs::msg::BatteryState_<std::allocator<void> >, std::allocator<void> >; NodeParametersT = rclcpp::Node; NodeTopicsT = rclcpp::Node; ROSMessageType = sensor_msgs::msg::BatteryState_<std::allocator<void> >; std::string = std::__cxx11::basic_string<char>; typename MessageMemoryStrategyT::SharedPtr = std::shared_ptr<rclcpp::message_memory_strategy::MessageMemoryStrategy<sensor_msgs::msg::BatteryState_<std::allocator<void> >, std::allocator<void> > >][m[K’
[01m[K/opt/ros/humble/include/rclcpp/rclcpp/create_subscription.hpp:191:76:[m[K   required from ‘[01m[Kstd::shared_ptr<ROSMessageT> rclcpp::create_subscription(NodeT&, const string&, const rclcpp::QoS&, CallbackT&&, const rclcpp::SubscriptionOptionsWithAllocator<AllocatorT>&, typename MessageMemoryStrategyT::SharedPtr) [with MessageT = sensor_msgs::msg::BatteryState_<std::allocator<void> >; CallbackT = CheckBatteryLevel::CheckBatteryLevel(const string&, const BT::NodeConfiguration&)::<lambda(auto:40)>; AllocatorT = std::allocator<void>; SubscriptionT = rclcpp::Subscription<sensor_msgs::msg::BatteryState_<std::allocator<void> > >; MessageMemoryStrategyT = rclcpp::message_memory_strategy::MessageMemoryStrategy<sensor_msgs::msg::BatteryState_<std::allocator<void> >, std::allocator<void> >; NodeT = rclcpp::Node; std::string = std::__cxx11::basic_string<char>; typename MessageMemoryStrategyT::SharedPtr = std::shared_ptr<rclcpp::message_memory_strategy::MessageMemoryStrategy<sensor_msgs::msg::BatteryState_<std::allocator<void> >, std::allocator<void> > >][m[K’
[01m[K/opt/ros/humble/include/rclcpp/rclcpp/node_impl.hpp:99:47:[m[K   required from ‘[01m[Kstd::shared_ptr<ROSMessageT> rclcpp::Node::create_subscription(const string&, const rclcpp::QoS&, CallbackT&&, const rclcpp::SubscriptionOptionsWithAllocator<AllocatorT>&, typename MessageMemoryStrategyT::SharedPtr) [with MessageT = sensor_msgs::msg::BatteryState_<std::allocator<void> >; CallbackT = CheckBatteryLevel::CheckBatteryLevel(const string&, const BT::NodeConfiguration&)::<lambda(auto:40)>; AllocatorT = std::allocator<void>; SubscriptionT = rclcpp::Subscription<sensor_msgs::msg::BatteryState_<std::allocator<void> > >; MessageMemoryStrategyT = rclcpp::message_memory_strategy::MessageMemoryStrategy<sensor_msgs::msg::BatteryState_<std::allocator<void> >, std::allocator<void> >; std::string = std::__cxx11::basic_string<char>; typename MessageMemoryStrategyT::SharedPtr = std::shared_ptr<rclcpp::message_memory_strategy::MessageMemoryStrategy<sensor_msgs::msg::BatteryState_<std::allocator<void> >, std::allocator<void> > >][m[K’
[01m[K/home/dcbothra2204/ros2_ws/src/nav_robot/behaviour_tree/bt_nodes.cpp:174:70:[m[K   required from here
[01m[K/opt/ros/humble/include/rclcpp/rclcpp/function_traits.hpp:51:9:[m[K [01;31m[Kerror: [m[K‘[01m[Kdecltype[m[K’ cannot resolve address of overloaded function
   51 |   using [01;31m[Karguments[m[K = typename tuple_tail<
      |         [01;31m[K^~~~~~~~~[m[K
[01m[K/opt/ros/humble/include/rclcpp/rclcpp/function_traits.hpp:57:9:[m[K [01;31m[Kerror: [m[K‘[01m[Kdecltype[m[K’ cannot resolve address of overloaded function
   57 |   using [01;31m[Kargument_type[m[K = typename std::tuple_element<N, arguments>::type;
      |         [01;31m[K^~~~~~~~~~~~~[m[K
[01m[K/opt/ros/humble/include/rclcpp/rclcpp/function_traits.hpp:59:9:[m[K [01;31m[Kerror: [m[K‘[01m[Kdecltype[m[K’ cannot resolve address of overloaded function
   59 |   using [01;31m[Kreturn_type[m[K = typename function_traits<decltype( &FunctionT::operator())>::return_type;
      |         [01;31m[K^~~~~~~~~~~[m[K
gmake[2]: *** [CMakeFiles/bt_plugin_node.dir/build.make:76: CMakeFiles/bt_plugin_node.dir/behaviour_tree/bt_nodes.cpp.o] Error 1
gmake[1]: *** [CMakeFiles/Makefile2:165: CMakeFiles/bt_plugin_node.dir/all] Error 2
gmake[1]: *** Waiting for unfinished jobs....
gmake: *** [Makefile:146: all] Error 2
