[0.010s] Invoking command in '/home/dcbothra2204/ros2_ws/build/nav_robot': CMAKE_PREFIX_PATH=${CMAKE_PREFIX_PATH}:/opt/ros/humble /usr/bin/cmake /home/dcbothra2204/ros2_ws/src/nav_robot -DCMAKE_INSTALL_PREFIX=/home/dcbothra2204/ros2_ws/install/nav_robot
[0.065s] -- Found ament_cmake: 1.3.10 (/opt/ros/humble/share/ament_cmake/cmake)
[0.170s] -- Override CMake install command with custom implementation using symlinks instead of copying resources
[0.183s] -- Found rclcpp: 16.0.10 (/opt/ros/humble/share/rclcpp/cmake)
[0.214s] -- Found rosidl_generator_c: 3.1.5 (/opt/ros/humble/share/rosidl_generator_c/cmake)
[0.216s] -- Found rosidl_adapter: 3.1.5 (/opt/ros/humble/share/rosidl_adapter/cmake)
[0.222s] -- Found rosidl_generator_cpp: 3.1.5 (/opt/ros/humble/share/rosidl_generator_cpp/cmake)
[0.232s] -- Using all available rosidl_typesupport_c: rosidl_typesupport_fastrtps_c;rosidl_typesupport_introspection_c
[0.244s] -- Using all available rosidl_typesupport_cpp: rosidl_typesupport_fastrtps_cpp;rosidl_typesupport_introspection_cpp
[0.276s] -- Found rmw_implementation_cmake: 6.1.2 (/opt/ros/humble/share/rmw_implementation_cmake/cmake)
[0.277s] -- Found rmw_fastrtps_cpp: 6.2.7 (/opt/ros/humble/share/rmw_fastrtps_cpp/cmake)
[0.365s] -- Using RMW implementation 'rmw_fastrtps_cpp' as default
[0.415s] -- Found urdf: 2.6.1 (/opt/ros/humble/share/urdf/cmake)
[0.439s] -- Found xacro: 2.0.13 (/opt/ros/humble/share/xacro/cmake)
[0.440s] -- Found robot_state_publisher: 3.0.3 (/opt/ros/humble/share/robot_state_publisher/cmake)
[0.458s] -- Found eigen3_cmake_module: 0.1.1 (/opt/ros/humble/share/eigen3_cmake_module/cmake)
[0.459s] -- Ensuring Eigen3 include directory is part of orocos-kdl CMake target
[0.555s] -- Found ament_lint_auto: 0.12.12 (/opt/ros/humble/share/ament_lint_auto/cmake)
[0.604s] [31mCMake Error at /opt/ros/humble/share/ament_cmake_target_dependencies/cmake/ament_target_dependencies.cmake:77 (message):
[0.604s]   ament_target_dependencies() the passed package name 'nav_msgs' was not
[0.604s]   found before
[0.604s] Call Stack (most recent call first):
[0.604s]   CMakeLists.txt:33 (ament_target_dependencies)
[0.604s] 
[0.604s] [0m
[0.604s] -- Configuring incomplete, errors occurred!
[0.604s] See also "/home/dcbothra2204/ros2_ws/build/nav_robot/CMakeFiles/CMakeOutput.log".
[0.612s] Invoked command in '/home/dcbothra2204/ros2_ws/build/nav_robot' returned '1': CMAKE_PREFIX_PATH=${CMAKE_PREFIX_PATH}:/opt/ros/humble /usr/bin/cmake /home/dcbothra2204/ros2_ws/src/nav_robot -DCMAKE_INSTALL_PREFIX=/home/dcbothra2204/ros2_ws/install/nav_robot
