[0.011s] Invoking command in '/home/dcbothra2204/ros2_ws/build/nav_robot': CMAKE_PREFIX_PATH=${CMAKE_PREFIX_PATH}:/opt/ros/humble /usr/bin/cmake /home/dcbothra2204/ros2_ws/src/nav_robot -DCMAKE_INSTALL_PREFIX=/home/dcbothra2204/ros2_ws/install/nav_robot
[0.033s] -- Found ament_cmake: 1.3.10 (/opt/ros/humble/share/ament_cmake/cmake)
[0.134s] -- Override CMake install command with custom implementation using symlinks instead of copying resources
[0.148s] -- Found rclcpp: 16.0.10 (/opt/ros/humble/share/rclcpp/cmake)
[0.178s] -- Found rosidl_generator_c: 3.1.5 (/opt/ros/humble/share/rosidl_generator_c/cmake)
[0.180s] -- Found rosidl_adapter: 3.1.5 (/opt/ros/humble/share/rosidl_adapter/cmake)
[0.185s] -- Found rosidl_generator_cpp: 3.1.5 (/opt/ros/humble/share/rosidl_generator_cpp/cmake)
[0.194s] -- Using all available rosidl_typesupport_c: rosidl_typesupport_fastrtps_c;rosidl_typesupport_introspection_c
[0.206s] -- Using all available rosidl_typesupport_cpp: rosidl_typesupport_fastrtps_cpp;rosidl_typesupport_introspection_cpp
[0.237s] -- Found rmw_implementation_cmake: 6.1.2 (/opt/ros/humble/share/rmw_implementation_cmake/cmake)
[0.239s] -- Found rmw_fastrtps_cpp: 6.2.7 (/opt/ros/humble/share/rmw_fastrtps_cpp/cmake)
[0.342s] -- Using RMW implementation 'rmw_fastrtps_cpp' as default
[0.398s] -- Found urdf: 2.6.1 (/opt/ros/humble/share/urdf/cmake)
[0.420s] -- Found xacro: 2.0.13 (/opt/ros/humble/share/xacro/cmake)
[0.421s] -- Found robot_state_publisher: 3.0.3 (/opt/ros/humble/share/robot_state_publisher/cmake)
[0.442s] -- Found eigen3_cmake_module: 0.1.1 (/opt/ros/humble/share/eigen3_cmake_module/cmake)
[0.444s] -- Ensuring Eigen3 include directory is part of orocos-kdl CMake target
[0.541s] -- Found ament_lint_auto: 0.12.12 (/opt/ros/humble/share/ament_lint_auto/cmake)
[0.601s] -- Added test 'flake8' to check Python code syntax and style conventions
[0.602s] -- Added test 'lint_cmake' to check CMake code style
[0.602s] -- Added test 'pep257' to check Python code against some of the docstring style conventions in PEP 257
[0.604s] -- Added test 'xmllint' to check XML markup files
[0.605s] -- Configuring done
[0.610s] -- Generating done
[0.611s] -- Build files have been written to: /home/dcbothra2204/ros2_ws/build/nav_robot
[0.618s] Invoked command in '/home/dcbothra2204/ros2_ws/build/nav_robot' returned '0': CMAKE_PREFIX_PATH=${CMAKE_PREFIX_PATH}:/opt/ros/humble /usr/bin/cmake /home/dcbothra2204/ros2_ws/src/nav_robot -DCMAKE_INSTALL_PREFIX=/home/dcbothra2204/ros2_ws/install/nav_robot
[0.619s] Invoking command in '/home/dcbothra2204/ros2_ws/build/nav_robot': CMAKE_PREFIX_PATH=${CMAKE_PREFIX_PATH}:/opt/ros/humble /usr/bin/cmake --build /home/dcbothra2204/ros2_ws/build/nav_robot -- -j8 -l8
[0.660s] Invoked command in '/home/dcbothra2204/ros2_ws/build/nav_robot' returned '0': CMAKE_PREFIX_PATH=${CMAKE_PREFIX_PATH}:/opt/ros/humble /usr/bin/cmake --build /home/dcbothra2204/ros2_ws/build/nav_robot -- -j8 -l8
[0.684s] Invoking command in '/home/dcbothra2204/ros2_ws/build/nav_robot': CMAKE_PREFIX_PATH=${CMAKE_PREFIX_PATH}:/opt/ros/humble /usr/bin/cmake --install /home/dcbothra2204/ros2_ws/build/nav_robot
[0.690s] -- Install configuration: ""
[0.690s] -- Execute custom install script
[0.691s] -- Up-to-date symlink: /home/dcbothra2204/ros2_ws/install/nav_robot/share/nav_robot/urdf/colors.xacro
[0.691s] -- Up-to-date symlink: /home/dcbothra2204/ros2_ws/install/nav_robot/share/nav_robot/urdf/gazebo_diff_control.xacro
[0.691s] -- Up-to-date symlink: /home/dcbothra2204/ros2_ws/install/nav_robot/share/nav_robot/urdf/imu.xacro
[0.691s] -- Up-to-date symlink: /home/dcbothra2204/ros2_ws/install/nav_robot/share/nav_robot/urdf/inertial_macros.xacro
[0.691s] -- Up-to-date symlink: /home/dcbothra2204/ros2_ws/install/nav_robot/share/nav_robot/urdf/lidar.xacro
[0.691s] -- Up-to-date symlink: /home/dcbothra2204/ros2_ws/install/nav_robot/share/nav_robot/urdf/robot.urdf.xacro
[0.691s] -- Up-to-date symlink: /home/dcbothra2204/ros2_ws/install/nav_robot/share/nav_robot/urdf/robot_core.xacro
[0.692s] -- Up-to-date symlink: /home/dcbothra2204/ros2_ws/install/nav_robot/share/nav_robot/launch/display.launch.py
[0.692s] -- Up-to-date symlink: /home/dcbothra2204/ros2_ws/install/nav_robot/share/nav_robot/launch/gspawn.launch.py
[0.693s] -- Up-to-date symlink: /home/dcbothra2204/ros2_ws/install/nav_robot/share/nav_robot/worlds/gazebo.world
[0.693s] -- Up-to-date symlink: /home/dcbothra2204/ros2_ws/install/nav_robot/share/nav_robot/maps/nav_map.pgm
[0.693s] -- Up-to-date symlink: /home/dcbothra2204/ros2_ws/install/nav_robot/share/nav_robot/maps/nav_map.yaml
[0.693s] -- Up-to-date symlink: /home/dcbothra2204/ros2_ws/install/nav_robot/share/nav_robot/config/amcl.yaml
[0.693s] -- Up-to-date symlink: /home/dcbothra2204/ros2_ws/install/nav_robot/share/nav_robot/config/mapper_params_online_async.yaml
[0.694s] -- Up-to-date symlink: /home/dcbothra2204/ros2_ws/install/nav_robot/share/nav_robot/config/my_controllers.yaml
[0.694s] -- Up-to-date symlink: /home/dcbothra2204/ros2_ws/install/nav_robot/share/nav_robot/config/view_bot.rviz
[0.694s] -- Up-to-date symlink: /home/dcbothra2204/ros2_ws/install/nav_robot/share/nav_robot/config/amcl.yaml
[0.694s] -- Up-to-date symlink: /home/dcbothra2204/ros2_ws/install/nav_robot/share/nav_robot/config/mapper_params_online_async.yaml
[0.694s] -- Up-to-date symlink: /home/dcbothra2204/ros2_ws/install/nav_robot/share/nav_robot/config/my_controllers.yaml
[0.694s] -- Up-to-date symlink: /home/dcbothra2204/ros2_ws/install/nav_robot/share/nav_robot/config/view_bot.rviz
[0.695s] -- Up-to-date symlink: /home/dcbothra2204/ros2_ws/install/nav_robot/share/ament_index/resource_index/package_run_dependencies/nav_robot
[0.695s] -- Up-to-date symlink: /home/dcbothra2204/ros2_ws/install/nav_robot/share/ament_index/resource_index/parent_prefix_path/nav_robot
[0.695s] -- Up-to-date symlink: /home/dcbothra2204/ros2_ws/install/nav_robot/share/nav_robot/environment/ament_prefix_path.sh
[0.698s] -- Up-to-date symlink: /home/dcbothra2204/ros2_ws/install/nav_robot/share/nav_robot/environment/ament_prefix_path.dsv
[0.698s] -- Up-to-date symlink: /home/dcbothra2204/ros2_ws/install/nav_robot/share/nav_robot/environment/path.sh
[0.698s] -- Up-to-date symlink: /home/dcbothra2204/ros2_ws/install/nav_robot/share/nav_robot/environment/path.dsv
[0.698s] -- Up-to-date symlink: /home/dcbothra2204/ros2_ws/install/nav_robot/share/nav_robot/local_setup.bash
[0.698s] -- Up-to-date symlink: /home/dcbothra2204/ros2_ws/install/nav_robot/share/nav_robot/local_setup.sh
[0.699s] -- Up-to-date symlink: /home/dcbothra2204/ros2_ws/install/nav_robot/share/nav_robot/local_setup.zsh
[0.699s] -- Up-to-date symlink: /home/dcbothra2204/ros2_ws/install/nav_robot/share/nav_robot/local_setup.dsv
[0.699s] -- Symlinking: /home/dcbothra2204/ros2_ws/install/nav_robot/share/nav_robot/package.dsv
[0.705s] -- Up-to-date symlink: /home/dcbothra2204/ros2_ws/install/nav_robot/share/ament_index/resource_index/packages/nav_robot
[0.705s] -- Up-to-date symlink: /home/dcbothra2204/ros2_ws/install/nav_robot/share/nav_robot/cmake/nav_robotConfig.cmake
[0.705s] -- Up-to-date symlink: /home/dcbothra2204/ros2_ws/install/nav_robot/share/nav_robot/cmake/nav_robotConfig-version.cmake
[0.706s] -- Up-to-date symlink: /home/dcbothra2204/ros2_ws/install/nav_robot/share/nav_robot/package.xml
[0.707s] Invoked command in '/home/dcbothra2204/ros2_ws/build/nav_robot' returned '0': CMAKE_PREFIX_PATH=${CMAKE_PREFIX_PATH}:/opt/ros/humble /usr/bin/cmake --install /home/dcbothra2204/ros2_ws/build/nav_robot
