[0.008s] Invoking command in '/home/dcbothra2204/ros2_ws/build/nav_robot': CMAKE_PREFIX_PATH=${CMAKE_PREFIX_PATH}:/opt/ros/humble /usr/bin/cmake /home/dcbothra2204/ros2_ws/src/nav_robot -DCMAKE_INSTALL_PREFIX=/home/dcbothra2204/ros2_ws/install/nav_robot
[0.016s] -- Found ament_cmake: 1.3.10 (/opt/ros/humble/share/ament_cmake/cmake)
[0.096s] -- Override CMake install command with custom implementation using symlinks instead of copying resources
[0.101s] -- Found rclcpp: 16.0.10 (/opt/ros/humble/share/rclcpp/cmake)
[0.120s] -- Found rosidl_generator_c: 3.1.5 (/opt/ros/humble/share/rosidl_generator_c/cmake)
[0.122s] -- Found rosidl_adapter: 3.1.5 (/opt/ros/humble/share/rosidl_adapter/cmake)
[0.126s] -- Found rosidl_generator_cpp: 3.1.5 (/opt/ros/humble/share/rosidl_generator_cpp/cmake)
[0.132s] -- Using all available rosidl_typesupport_c: rosidl_typesupport_fastrtps_c;rosidl_typesupport_introspection_c
[0.140s] -- Using all available rosidl_typesupport_cpp: rosidl_typesupport_fastrtps_cpp;rosidl_typesupport_introspection_cpp
[0.161s] -- Found rmw_implementation_cmake: 6.1.2 (/opt/ros/humble/share/rmw_implementation_cmake/cmake)
[0.161s] -- Found rmw_fastrtps_cpp: 6.2.7 (/opt/ros/humble/share/rmw_fastrtps_cpp/cmake)
[0.233s] -- Using RMW implementation 'rmw_fastrtps_cpp' as default
[0.265s] -- Found urdf: 2.6.1 (/opt/ros/humble/share/urdf/cmake)
[0.279s] -- Found xacro: 2.0.13 (/opt/ros/humble/share/xacro/cmake)
[0.279s] -- Found robot_state_publisher: 3.0.3 (/opt/ros/humble/share/robot_state_publisher/cmake)
[0.289s] -- Found eigen3_cmake_module: 0.1.1 (/opt/ros/humble/share/eigen3_cmake_module/cmake)
[0.290s] -- Ensuring Eigen3 include directory is part of orocos-kdl CMake target
[0.393s] -- Found nav_msgs: 4.8.0 (/opt/ros/humble/share/nav_msgs/cmake)
[0.408s] -- Found ament_lint_auto: 0.12.12 (/opt/ros/humble/share/ament_lint_auto/cmake)
[0.477s] -- Added test 'cppcheck' to perform static code analysis on C / C++ code
[0.478s] -- Configured cppcheck include dirs: 
[0.478s] -- Configured cppcheck exclude dirs and/or files: 
[0.479s] -- Added test 'flake8' to check Python code syntax and style conventions
[0.480s] -- Added test 'lint_cmake' to check CMake code style
[0.481s] -- Added test 'pep257' to check Python code against some of the docstring style conventions in PEP 257
[0.483s] -- Added test 'uncrustify' to check C / C++ code style
[0.483s] -- Configured uncrustify additional arguments: 
[0.485s] -- Added test 'xmllint' to check XML markup files
[0.486s] -- Configuring done
[0.489s] [31mCMake Error at CMakeLists.txt:33 (add_executable):
[0.490s]   Cannot find source file:
[0.490s] 
[0.490s]     scripts/battery_sim_node.cpp
[0.490s] 
[0.490s]   Tried extensions .c .C .c++ .cc .cpp .cxx .cu .mpp .m .M .mm .ixx .cppm .h
[0.490s]   .hh .h++ .hm .hpp .hxx .in .txx .f .F .for .f77 .f90 .f95 .f03 .hip .ispc
[0.490s] 
[0.490s] [0m
[0.491s] [31mCMake Error at CMakeLists.txt:33 (add_executable):
[0.491s]   No SOURCES given to target: battery_sim_node
[0.491s] 
[0.491s] [0m
[0.491s] [0mCMake Generate step failed.  Build files cannot be regenerated correctly.[0m
[0.497s] Invoked command in '/home/dcbothra2204/ros2_ws/build/nav_robot' returned '1': CMAKE_PREFIX_PATH=${CMAKE_PREFIX_PATH}:/opt/ros/humble /usr/bin/cmake /home/dcbothra2204/ros2_ws/src/nav_robot -DCMAKE_INSTALL_PREFIX=/home/dcbothra2204/ros2_ws/install/nav_robot
