[0.009s] Invoking command in '/home/dcbothra2204/ros2_ws/build/nav_robot': CMAKE_PREFIX_PATH=${CMAKE_PREFIX_PATH}:/opt/ros/humble /usr/bin/cmake --build /home/dcbothra2204/ros2_ws/build/nav_robot -- -j8 -l8
[0.033s] -- Found ament_cmake: 1.3.10 (/opt/ros/humble/share/ament_cmake/cmake)
[0.133s] -- Override CMake install command with custom implementation using symlinks instead of copying resources
[0.145s] -- Found rclcpp: 16.0.10 (/opt/ros/humble/share/rclcpp/cmake)
[0.172s] -- Found rosidl_generator_c: 3.1.5 (/opt/ros/humble/share/rosidl_generator_c/cmake)
[0.174s] -- Found rosidl_adapter: 3.1.5 (/opt/ros/humble/share/rosidl_adapter/cmake)
[0.179s] -- Found rosidl_generator_cpp: 3.1.5 (/opt/ros/humble/share/rosidl_generator_cpp/cmake)
[0.188s] -- Using all available rosidl_typesupport_c: rosidl_typesupport_fastrtps_c;rosidl_typesupport_introspection_c
[0.199s] -- Using all available rosidl_typesupport_cpp: rosidl_typesupport_fastrtps_cpp;rosidl_typesupport_introspection_cpp
[0.233s] -- Found rmw_implementation_cmake: 6.1.2 (/opt/ros/humble/share/rmw_implementation_cmake/cmake)
[0.235s] -- Found rmw_fastrtps_cpp: 6.2.7 (/opt/ros/humble/share/rmw_fastrtps_cpp/cmake)
[0.323s] -- Using RMW implementation 'rmw_fastrtps_cpp' as default
[0.377s] -- Found nav_msgs: 4.8.0 (/opt/ros/humble/share/nav_msgs/cmake)
[0.408s] -- Found sensor_msgs: 4.2.4 (/opt/ros/humble/share/sensor_msgs/cmake)
[0.426s] -- Found tf2_ros: 0.25.8 (/opt/ros/humble/share/tf2_ros/cmake)
[0.506s] -- Found robot_state_publisher: 3.0.3 (/opt/ros/humble/share/robot_state_publisher/cmake)
[0.512s] -- Found eigen3_cmake_module: 0.1.1 (/opt/ros/humble/share/eigen3_cmake_module/cmake)
[0.514s] -- Ensuring Eigen3 include directory is part of orocos-kdl CMake target
[0.538s] -- Found xacro: 2.0.13 (/opt/ros/humble/share/xacro/cmake)
[0.540s] -- Found nav2_behavior_tree: 1.1.18 (/opt/ros/humble/share/nav2_behavior_tree/cmake)
[0.734s] -- Configuring done
[0.821s] -- Generating done
[0.823s] -- Build files have been written to: /home/dcbothra2204/ros2_ws/build/nav_robot
[0.845s] [35m[1mConsolidate compiler generated dependencies of target battery_sim_node[0m
[0.845s] [35m[1mConsolidate compiler generated dependencies of target bt_nodes[0m
[0.857s] [ 50%] Built target battery_sim_node
[0.861s] [ 75%] [32mBuilding CXX object CMakeFiles/bt_nodes.dir/behaviour_tree/bt_nodes.cpp.o[0m
[5.100s] In file included from [01m[K/home/dcbothra2204/ros2_ws/src/nav_robot/behaviour_tree/bt_nodes.cpp:1[m[K:
[5.100s] [01m[K/opt/ros/humble/include/behaviortree_cpp_v3/bt_factory.h:113:21:[m[K [01;35m[Kwarning: [m[K‘[01m[Kvoid BT_RegisterNodesFromPlugin(BT::BehaviorTreeFactory&)[m[K’ defined but not used [[01;35m[K]8;;https://gcc.gnu.org/onlinedocs/gcc/Warning-Options.html#index-Wunused-function-Wunused-function]8;;[m[K]
[5.100s]   113 |   BTCPP_EXPORT void [01;35m[KBT_RegisterNodesFromPlugin[m[K(BT::BehaviorTreeFactory& factory)
[5.100s]       |                     [01;35m[K^~~~~~~~~~~~~~~~~~~~~~~~~~[m[K
[5.100s] [01m[K/home/dcbothra2204/ros2_ws/src/nav_robot/behaviour_tree/bt_nodes.cpp:249:1:[m[K [01;36m[Knote: [m[Kin expansion of macro ‘[01m[KBT_REGISTER_NODES[m[K’
[5.101s]   249 | [01;36m[KBT_REGISTER_NODES[m[K(factory)
[5.101s]       | [01;36m[K^~~~~~~~~~~~~~~~~[m[K
[8.035s] [100%] [32m[1mLinking CXX shared library libbt_nodes.so[0m
[8.622s] [100%] Built target bt_nodes
[8.630s] Invoked command in '/home/dcbothra2204/ros2_ws/build/nav_robot' returned '0': CMAKE_PREFIX_PATH=${CMAKE_PREFIX_PATH}:/opt/ros/humble /usr/bin/cmake --build /home/dcbothra2204/ros2_ws/build/nav_robot -- -j8 -l8
[8.658s] Invoking command in '/home/dcbothra2204/ros2_ws/build/nav_robot': CMAKE_PREFIX_PATH=${CMAKE_PREFIX_PATH}:/opt/ros/humble /usr/bin/cmake --install /home/dcbothra2204/ros2_ws/build/nav_robot
[8.664s] -- Install configuration: ""
[8.665s] -- Execute custom install script
[8.665s] -- Up-to-date symlink: /home/dcbothra2204/ros2_ws/install/nav_robot/share/nav_robot/behaviour_tree/bt_plugins.xml
[8.665s] -- Up-to-date symlink: /home/dcbothra2204/ros2_ws/install/nav_robot/share/nav_robot/environment/library_path.sh
[8.665s] -- Up-to-date symlink: /home/dcbothra2204/ros2_ws/install/nav_robot/share/nav_robot/environment/library_path.dsv
[8.665s] -- Up-to-date symlink: /home/dcbothra2204/ros2_ws/install/nav_robot/lib/nav_robot/battery_sim_node
[8.665s] -- Up-to-date symlink: /home/dcbothra2204/ros2_ws/install/nav_robot/lib/nav_robot/libbt_nodes.so
[8.665s] -- Up-to-date symlink: /home/dcbothra2204/ros2_ws/install/nav_robot/share/nav_robot/behaviour_tree/bt_plugins.xml
[8.665s] -- Up-to-date symlink: /home/dcbothra2204/ros2_ws/install/nav_robot/share/nav_robot/urdf/colors.xacro
[8.666s] -- Up-to-date symlink: /home/dcbothra2204/ros2_ws/install/nav_robot/share/nav_robot/urdf/gazebo_diff_control.xacro
[8.666s] -- Up-to-date symlink: /home/dcbothra2204/ros2_ws/install/nav_robot/share/nav_robot/urdf/imu.xacro
[8.666s] -- Up-to-date symlink: /home/dcbothra2204/ros2_ws/install/nav_robot/share/nav_robot/urdf/inertial_macros.xacro
[8.666s] -- Up-to-date symlink: /home/dcbothra2204/ros2_ws/install/nav_robot/share/nav_robot/urdf/lidar.xacro
[8.666s] -- Up-to-date symlink: /home/dcbothra2204/ros2_ws/install/nav_robot/share/nav_robot/urdf/robot.urdf.xacro
[8.666s] -- Up-to-date symlink: /home/dcbothra2204/ros2_ws/install/nav_robot/share/nav_robot/urdf/robot_core.xacro
[8.666s] -- Up-to-date symlink: /home/dcbothra2204/ros2_ws/install/nav_robot/share/nav_robot/launch/bt_nav.launch.py
[8.666s] -- Up-to-date symlink: /home/dcbothra2204/ros2_ws/install/nav_robot/share/nav_robot/launch/display.launch.py
[8.666s] -- Up-to-date symlink: /home/dcbothra2204/ros2_ws/install/nav_robot/share/nav_robot/launch/gspawn.launch.py
[8.666s] -- Up-to-date symlink: /home/dcbothra2204/ros2_ws/install/nav_robot/share/nav_robot/worlds/gazebo.world
[8.666s] -- Up-to-date symlink: /home/dcbothra2204/ros2_ws/install/nav_robot/share/nav_robot/maps/amcl_map.pgm
[8.666s] -- Up-to-date symlink: /home/dcbothra2204/ros2_ws/install/nav_robot/share/nav_robot/maps/amcl_map.yaml
[8.666s] -- Up-to-date symlink: /home/dcbothra2204/ros2_ws/install/nav_robot/share/nav_robot/maps/nav_map.pgm
[8.667s] -- Up-to-date symlink: /home/dcbothra2204/ros2_ws/install/nav_robot/share/nav_robot/maps/nav_map.yaml
[8.667s] -- Up-to-date symlink: /home/dcbothra2204/ros2_ws/install/nav_robot/share/nav_robot/config/amcl.yaml
[8.667s] -- Up-to-date symlink: /home/dcbothra2204/ros2_ws/install/nav_robot/share/nav_robot/config/mapper_params_online_async.yaml
[8.667s] -- Up-to-date symlink: /home/dcbothra2204/ros2_ws/install/nav_robot/share/nav_robot/config/my_controllers.yaml
[8.667s] -- Up-to-date symlink: /home/dcbothra2204/ros2_ws/install/nav_robot/share/nav_robot/config/nav2_params.yaml
[8.667s] -- Up-to-date symlink: /home/dcbothra2204/ros2_ws/install/nav_robot/share/nav_robot/config/poses.yaml
[8.667s] -- Up-to-date symlink: /home/dcbothra2204/ros2_ws/install/nav_robot/share/nav_robot/config/view_bot.rviz
[8.667s] -- Up-to-date symlink: /home/dcbothra2204/ros2_ws/install/nav_robot/share/nav_robot/behaviour_tree/bt_nodes.cpp
[8.667s] -- Up-to-date symlink: /home/dcbothra2204/ros2_ws/install/nav_robot/share/nav_robot/behaviour_tree/bt_plugins.xml
[8.667s] -- Up-to-date symlink: /home/dcbothra2204/ros2_ws/install/nav_robot/share/nav_robot/behaviour_tree/task_bt.xml
[8.667s] -- Up-to-date symlink: /home/dcbothra2204/ros2_ws/install/nav_robot/share/ament_index/resource_index/package_run_dependencies/nav_robot
[8.667s] -- Up-to-date symlink: /home/dcbothra2204/ros2_ws/install/nav_robot/share/ament_index/resource_index/parent_prefix_path/nav_robot
[8.668s] -- Up-to-date symlink: /home/dcbothra2204/ros2_ws/install/nav_robot/share/nav_robot/environment/ament_prefix_path.sh
[8.668s] -- Up-to-date symlink: /home/dcbothra2204/ros2_ws/install/nav_robot/share/nav_robot/environment/ament_prefix_path.dsv
[8.668s] -- Up-to-date symlink: /home/dcbothra2204/ros2_ws/install/nav_robot/share/nav_robot/environment/path.sh
[8.668s] -- Up-to-date symlink: /home/dcbothra2204/ros2_ws/install/nav_robot/share/nav_robot/environment/path.dsv
[8.668s] -- Up-to-date symlink: /home/dcbothra2204/ros2_ws/install/nav_robot/share/nav_robot/local_setup.bash
[8.668s] -- Up-to-date symlink: /home/dcbothra2204/ros2_ws/install/nav_robot/share/nav_robot/local_setup.sh
[8.668s] -- Up-to-date symlink: /home/dcbothra2204/ros2_ws/install/nav_robot/share/nav_robot/local_setup.zsh
[8.668s] -- Up-to-date symlink: /home/dcbothra2204/ros2_ws/install/nav_robot/share/nav_robot/local_setup.dsv
[8.668s] -- Symlinking: /home/dcbothra2204/ros2_ws/install/nav_robot/share/nav_robot/package.dsv
[8.675s] -- Up-to-date symlink: /home/dcbothra2204/ros2_ws/install/nav_robot/share/ament_index/resource_index/packages/nav_robot
[8.675s] -- Up-to-date symlink: /home/dcbothra2204/ros2_ws/install/nav_robot/share/ament_index/resource_index/nav2_behavior_tree__pluginlib__plugin/nav_robot
[8.675s] -- Up-to-date symlink: /home/dcbothra2204/ros2_ws/install/nav_robot/share/nav_robot/cmake/ament_cmake_export_libraries-extras.cmake
[8.675s] -- Up-to-date symlink: /home/dcbothra2204/ros2_ws/install/nav_robot/share/nav_robot/cmake/nav_robotConfig.cmake
[8.675s] -- Up-to-date symlink: /home/dcbothra2204/ros2_ws/install/nav_robot/share/nav_robot/cmake/nav_robotConfig-version.cmake
[8.675s] -- Up-to-date symlink: /home/dcbothra2204/ros2_ws/install/nav_robot/share/nav_robot/package.xml
[8.677s] Invoked command in '/home/dcbothra2204/ros2_ws/build/nav_robot' returned '0': CMAKE_PREFIX_PATH=${CMAKE_PREFIX_PATH}:/opt/ros/humble /usr/bin/cmake --install /home/dcbothra2204/ros2_ws/build/nav_robot
